This is pdfTeX, Version 3.14159265-2.6-1.40.21 (TeX Live 2020/Arch Linux) (preloaded format=pdflatex 2020.7.21)  1 JAN 2021 14:46
entering extended mode
 restricted \write18 enabled.
 %&-line parsing enabled.
**input.tex
(./input.tex
LaTeX2e <2020-02-02> patch level 5
L3 programming layer <2020-06-03>
! Undefined control sequence.
l.2 \section
            {–í–≤–µ–¥–µ–Ω–∏–µ}
The control sequence at the end of the top line
of your error message was never \def'ed. If you have
misspelled it (e.g., `\hobx'), type `I' and the correct
spelling (e.g., `I\hbox'). Otherwise just continue,
and I'll forget about whatever was undefined.


! Package inputenc Error: Unicode character –í (U+0412)
(inputenc)                not set up for use with LaTeX.

See the inputenc package documentation for explanation.
Type  H <return>  for immediate help.
 ...                                              
                                                  
l.2 \section{–í
               –≤–µ–¥–µ–Ω–∏–µ}
You may provide a definition with
\DeclareUnicodeCharacter 


! Package inputenc Error: Unicode character –≤ (U+0432)
(inputenc)                not set up for use with LaTeX.

See the inputenc package documentation for explanation.
Type  H <return>  for immediate help.
 ...                                              
                                                  
l.2 \section{–í–≤
                 –µ–¥–µ–Ω–∏–µ}
You may provide a definition with
\DeclareUnicodeCharacter 


! Package inputenc Error: Unicode character –µ (U+0435)
(inputenc)                not set up for use with LaTeX.

See the inputenc package documentation for explanation.
Type  H <return>  for immediate help.
 ...                                              
                                                  
l.2 \section{–í–≤–µ
                   –¥–µ–Ω–∏–µ}
You may provide a definition with
\DeclareUnicodeCharacter 


! Package inputenc Error: Unicode character –¥ (U+0434)
(inputenc)                not set up for use with LaTeX.

See the inputenc package documentation for explanation.
Type  H <return>  for immediate help.
 ...                                              
                                                  
l.2 \section{–í–≤–µ–¥
                     –µ–Ω–∏–µ}
You may provide a definition with
\DeclareUnicodeCharacter 


! Package inputenc Error: Unicode character –µ (U+0435)
(inputenc)                not set up for use with LaTeX.

See the inputenc package documentation for explanation.
Type  H <return>  for immediate help.
 ...                                              
                                                  
l.2 \section{–í–≤–µ–¥–µ
                       –Ω–∏–µ}
You may provide a definition with
\DeclareUnicodeCharacter 


! Package inputenc Error: Unicode character –Ω (U+043D)
(inputenc)                not set up for use with LaTeX.

See the inputenc package documentation for explanation.
Type  H <return>  for immediate help.
 ...                                              
                                                  
l.2 \section{–í–≤–µ–¥–µ–Ω
                         –∏–µ}
You may provide a definition with
\DeclareUnicodeCharacter 


! Package inputenc Error: Unicode character –∏ (U+0438)
(inputenc)                not set up for use with LaTeX.

See the inputenc package documentation for explanation.
Type  H <return>  for immediate help.
 ...                                              
                                                  
l.2 \section{–í–≤–µ–¥–µ–Ω–∏
                           –µ}
You may provide a definition with
\DeclareUnicodeCharacter 


! Package inputenc Error: Unicode character –µ (U+0435)
(inputenc)                not set up for use with LaTeX.

See the inputenc package documentation for explanation.
Type  H <return>  for immediate help.
 ...                                              
                                                  
l.2 \section{–í–≤–µ–¥–µ–Ω–∏–µ
                             }
You may provide a definition with
\DeclareUnicodeCharacter 


! Package inputenc Error: Unicode character –í (U+0412)
(inputenc)                not set up for use with LaTeX.

See the inputenc package documentation for explanation.
Type  H <return>  for immediate help.
 ...                                              
                                                  
l.4 –í
       –Ω–∞—Å—Ç–æ—è—â–µ–π —Ä–∞–±–æ—Ç–µ –∏–∑—É—á–∞—é—Ç—Å—è –¥–≤–∞ –Ω–∞–∏–±–æ–...

You may provide a definition with
\DeclareUnicodeCharacter 


! Package inputenc Error: Unicode character –Ω (U+043D)
(inputenc)                not set up for use with LaTeX.

See the inputenc package documentation for explanation.
Type  H <return>  for immediate help.
 ...                                              
                                                  
l.4 –í –Ω
         –∞—Å—Ç–æ—è—â–µ–π —Ä–∞–±–æ—Ç–µ –∏–∑—É—á–∞—é—Ç—Å—è –¥–≤–∞ –Ω–∞–∏–±–æ–...

You may provide a definition with
\DeclareUnicodeCharacter 


! Package inputenc Error: Unicode character –∞ (U+0430)
(inputenc)                not set up for use with LaTeX.

See the inputenc package documentation for explanation.
Type  H <return>  for immediate help.
 ...                                              
                                                  
l.4 –í –Ω–∞
           —Å—Ç–æ—è—â–µ–π —Ä–∞–±–æ—Ç–µ –∏–∑—É—á–∞—é—Ç—Å—è –¥–≤–∞ –Ω–∞–∏–±–æ–...

You may provide a definition with
\DeclareUnicodeCharacter 


! Package inputenc Error: Unicode character —Å (U+0441)
(inputenc)                not set up for use with LaTeX.

See the inputenc package documentation for explanation.
Type  H <return>  for immediate help.
 ...                                              
                                                  
l.4 –í –Ω–∞—Å
             —Ç–æ—è—â–µ–π —Ä–∞–±–æ—Ç–µ –∏–∑—É—á–∞—é—Ç—Å—è –¥–≤–∞ –Ω–∞–∏–±–æ–...

You may provide a definition with
\DeclareUnicodeCharacter 


! Package inputenc Error: Unicode character —Ç (U+0442)
(inputenc)                not set up for use with LaTeX.

See the inputenc package documentation for explanation.
Type  H <return>  for immediate help.
 ...                                              
                                                  
l.4 –í –Ω–∞—Å—Ç
               –æ—è—â–µ–π —Ä–∞–±–æ—Ç–µ –∏–∑—É—á–∞—é—Ç—Å—è –¥–≤–∞ –Ω–∞–∏–±–æ–...

You may provide a definition with
\DeclareUnicodeCharacter 


! Package inputenc Error: Unicode character –æ (U+043E)
(inputenc)                not set up for use with LaTeX.

See the inputenc package documentation for explanation.
Type  H <return>  for immediate help.
 ...                                              
                                                  
l.4 –í –Ω–∞—Å—Ç–æ
                 —è—â–µ–π —Ä–∞–±–æ—Ç–µ –∏–∑—É—á–∞—é—Ç—Å—è –¥–≤–∞ –Ω–∞–∏–±–æ–...

You may provide a definition with
\DeclareUnicodeCharacter 


! Package inputenc Error: Unicode character —è (U+044F)
(inputenc)                not set up for use with LaTeX.

See the inputenc package documentation for explanation.
Type  H <return>  for immediate help.
 ...                                              
                                                  
l.4 –í –Ω–∞—Å—Ç–æ—è
                   —â–µ–π —Ä–∞–±–æ—Ç–µ –∏–∑—É—á–∞—é—Ç—Å—è –¥–≤–∞ –Ω–∞–∏–±–æ–...

You may provide a definition with
\DeclareUnicodeCharacter 


! Package inputenc Error: Unicode character —â (U+0449)
(inputenc)                not set up for use with LaTeX.

See the inputenc package documentation for explanation.
Type  H <return>  for immediate help.
 ...                                              
                                                  
l.4 –í –Ω–∞—Å—Ç–æ—è—â
                     –µ–π —Ä–∞–±–æ—Ç–µ –∏–∑—É—á–∞—é—Ç—Å—è –¥–≤–∞ –Ω–∞–∏–±–æ–...

You may provide a definition with
\DeclareUnicodeCharacter 


! Package inputenc Error: Unicode character –µ (U+0435)
(inputenc)                not set up for use with LaTeX.

See the inputenc package documentation for explanation.
Type  H <return>  for immediate help.
 ...                                              
                                                  
l.4 –í –Ω–∞—Å—Ç–æ—è—â–µ
                       –π —Ä–∞–±–æ—Ç–µ –∏–∑—É—á–∞—é—Ç—Å—è –¥–≤–∞ –Ω–∞–∏–±–æ–...

You may provide a definition with
\DeclareUnicodeCharacter 


! Package inputenc Error: Unicode character –π (U+0439)
(inputenc)                not set up for use with LaTeX.

See the inputenc package documentation for explanation.
Type  H <return>  for immediate help.
 ...                                              
                                                  
l.4 –í –Ω–∞—Å—Ç–æ—è—â–µ–π
                          —Ä–∞–±–æ—Ç–µ –∏–∑—É—á–∞—é—Ç—Å—è –¥–≤–∞ –Ω–∞–∏–±–æ–...

You may provide a definition with
\DeclareUnicodeCharacter 


! Package inputenc Error: Unicode character —Ä (U+0440)
(inputenc)                not set up for use with LaTeX.

See the inputenc package documentation for explanation.
Type  H <return>  for immediate help.
 ...                                              
                                                  
l.4 –í –Ω–∞—Å—Ç–æ—è—â–µ–π —Ä
                            –∞–±–æ—Ç–µ –∏–∑—É—á–∞—é—Ç—Å—è –¥–≤–∞ –Ω–∞–∏–±–æ–...

You may provide a definition with
\DeclareUnicodeCharacter 


! Package inputenc Error: Unicode character –∞ (U+0430)
(inputenc)                not set up for use with LaTeX.

See the inputenc package documentation for explanation.
Type  H <return>  for immediate help.
 ...                                              
                                                  
l.4 –í –Ω–∞—Å—Ç–æ—è—â–µ–π —Ä–∞
                              –±–æ—Ç–µ –∏–∑—É—á–∞—é—Ç—Å—è –¥–≤–∞ –Ω–∞–∏–±–æ–...

You may provide a definition with
\DeclareUnicodeCharacter 


! Package inputenc Error: Unicode character –± (U+0431)
(inputenc)                not set up for use with LaTeX.

See the inputenc package documentation for explanation.
Type  H <return>  for immediate help.
 ...                                              
                                                  
l.4 –í –Ω–∞—Å—Ç–æ—è—â–µ–π —Ä–∞–±
                                –æ—Ç–µ –∏–∑—É—á–∞—é—Ç—Å—è –¥–≤–∞ –Ω–∞–∏–±–æ–...

You may provide a definition with
\DeclareUnicodeCharacter 


! Package inputenc Error: Unicode character –æ (U+043E)
(inputenc)                not set up for use with LaTeX.

See the inputenc package documentation for explanation.
Type  H <return>  for immediate help.
 ...                                              
                                                  
l.4 –í –Ω–∞—Å—Ç–æ—è—â–µ–π —Ä–∞–±–æ
                                  —Ç–µ –∏–∑—É—á–∞—é—Ç—Å—è –¥–≤–∞ –Ω–∞–∏–±–æ–...

You may provide a definition with
\DeclareUnicodeCharacter 


! Package inputenc Error: Unicode character —Ç (U+0442)
(inputenc)                not set up for use with LaTeX.

See the inputenc package documentation for explanation.
Type  H <return>  for immediate help.
 ...                                              
                                                  
l.4 –í –Ω–∞—Å—Ç–æ—è—â–µ–π —Ä–∞–±–æ—Ç
                                    –µ –∏–∑—É—á–∞—é—Ç—Å—è –¥–≤–∞ –Ω–∞–∏–±–æ–...

You may provide a definition with
\DeclareUnicodeCharacter 


! Package inputenc Error: Unicode character –µ (U+0435)
(inputenc)                not set up for use with LaTeX.

See the inputenc package documentation for explanation.
Type  H <return>  for immediate help.
 ...                                              
                                                  
l.4 –í –Ω–∞—Å—Ç–æ—è—â–µ–π —Ä–∞–±–æ—Ç–µ
                                       –∏–∑—É—á–∞—é—Ç—Å—è –¥–≤–∞ –Ω–∞–∏–±–æ–...

You may provide a definition with
\DeclareUnicodeCharacter 


! Package inputenc Error: Unicode character –∏ (U+0438)
(inputenc)                not set up for use with LaTeX.

See the inputenc package documentation for explanation.
Type  H <return>  for immediate help.
 ...                                              
                                                  
l.4 –í –Ω–∞—Å—Ç–æ—è—â–µ–π —Ä–∞–±–æ—Ç–µ –∏
                                         –∑—É—á–∞—é—Ç—Å—è –¥–≤–∞ –Ω–∞–∏–±–æ–...

You may provide a definition with
\DeclareUnicodeCharacter 


! Package inputenc Error: Unicode character –∑ (U+0437)
(inputenc)                not set up for use with LaTeX.

See the inputenc package documentation for explanation.
Type  H <return>  for immediate help.
 ...                                              
                                                  
l.4 –í –Ω–∞—Å—Ç–æ—è—â–µ–π —Ä–∞–±–æ—Ç–µ –∏–∑
                                           —É—á–∞—é—Ç—Å—è –¥–≤–∞ –Ω–∞–∏–±–æ–...

You may provide a definition with
\DeclareUnicodeCharacter 


! Package inputenc Error: Unicode character —É (U+0443)
(inputenc)                not set up for use with LaTeX.

See the inputenc package documentation for explanation.
Type  H <return>  for immediate help.
 ...                                              
                                                  
l.4 –í –Ω–∞—Å—Ç–æ—è—â–µ–π —Ä–∞–±–æ—Ç–µ –∏–∑—É
                                             —á–∞—é—Ç—Å—è –¥–≤–∞ –Ω–∞–∏–±–æ–...

You may provide a definition with
\DeclareUnicodeCharacter 


! Package inputenc Error: Unicode character —á (U+0447)
(inputenc)                not set up for use with LaTeX.

See the inputenc package documentation for explanation.
Type  H <return>  for immediate help.
 ...                                              
                                                  
l.4 –í –Ω–∞—Å—Ç–æ—è—â–µ–π —Ä–∞–±–æ—Ç–µ –∏–∑—É—á
                                               –∞—é—Ç—Å—è –¥–≤–∞ –Ω–∞–∏–±–æ–...

You may provide a definition with
\DeclareUnicodeCharacter 


! Package inputenc Error: Unicode character –∞ (U+0430)
(inputenc)                not set up for use with LaTeX.

See the inputenc package documentation for explanation.
Type  H <return>  for immediate help.
 ...                                              
                                                  
l.4 –í –Ω–∞—Å—Ç–æ—è—â–µ–π —Ä–∞–±–æ—Ç–µ –∏–∑—É—á–∞
                                                 —é—Ç—Å—è –¥–≤–∞ –Ω–∞–∏–±–æ–...

You may provide a definition with
\DeclareUnicodeCharacter 


! Package inputenc Error: Unicode character —é (U+044E)
(inputenc)                not set up for use with LaTeX.

See the inputenc package documentation for explanation.
Type  H <return>  for immediate help.
 ...                                              
                                                  
l.4 ...Ω–∞—Å—Ç–æ—è—â–µ–π —Ä–∞–±–æ—Ç–µ –∏–∑—É—á–∞—é
                                                  —Ç—Å—è –¥–≤–∞ –Ω–∞–∏–±–æ–ª...

You may provide a definition with
\DeclareUnicodeCharacter 


! Package inputenc Error: Unicode character —Ç (U+0442)
(inputenc)                not set up for use with LaTeX.

See the inputenc package documentation for explanation.
Type  H <return>  for immediate help.
 ...                                              
                                                  
l.4 ...∞—Å—Ç–æ—è—â–µ–π —Ä–∞–±–æ—Ç–µ –∏–∑—É—á–∞—é—Ç
                                                  —Å—è –¥–≤–∞ –Ω–∞–∏–±–æ–ª–µ...

You may provide a definition with
\DeclareUnicodeCharacter 


! Package inputenc Error: Unicode character —Å (U+0441)
(inputenc)                not set up for use with LaTeX.

See the inputenc package documentation for explanation.
Type  H <return>  for immediate help.
 ...                                              
                                                  
l.4 ...Å—Ç–æ—è—â–µ–π —Ä–∞–±–æ—Ç–µ –∏–∑—É—á–∞—é—Ç—Å
                                                  —è –¥–≤–∞ –Ω–∞–∏–±–æ–ª–µ–µ...

You may provide a definition with
\DeclareUnicodeCharacter 


! Package inputenc Error: Unicode character —è (U+044F)
(inputenc)                not set up for use with LaTeX.

See the inputenc package documentation for explanation.
Type  H <return>  for immediate help.
 ...                                              
                                                  
l.4 ...Ç–æ—è—â–µ–π —Ä–∞–±–æ—Ç–µ –∏–∑—É—á–∞—é—Ç—Å—è
                                                   –¥–≤–∞ –Ω–∞–∏–±–æ–ª–µ–µ —...

You may provide a definition with
\DeclareUnicodeCharacter 


! Package inputenc Error: Unicode character –¥ (U+0434)
(inputenc)                not set up for use with LaTeX.

See the inputenc package documentation for explanation.
Type  H <return>  for immediate help.
 ...                                              
                                                  
l.4 ...—è—â–µ–π —Ä–∞–±–æ—Ç–µ –∏–∑—É—á–∞—é—Ç—Å—è –¥
                                                  –≤–∞ –Ω–∞–∏–±–æ–ª–µ–µ —ç—Ñ...

You may provide a definition with
\DeclareUnicodeCharacter 


! Package inputenc Error: Unicode character –≤ (U+0432)
(inputenc)                not set up for use with LaTeX.

See the inputenc package documentation for explanation.
Type  H <return>  for immediate help.
 ...                                              
                                                  
l.4 ...—â–µ–π —Ä–∞–±–æ—Ç–µ –∏–∑—É—á–∞—é—Ç—Å—è –¥–≤
                                                  –∞ –Ω–∞–∏–±–æ–ª–µ–µ —ç—Ñ—Ñ...

You may provide a definition with
\DeclareUnicodeCharacter 


! Package inputenc Error: Unicode character –∞ (U+0430)
(inputenc)                not set up for use with LaTeX.

See the inputenc package documentation for explanation.
Type  H <return>  for immediate help.
 ...                                              
                                                  
l.4 ...–µ–π —Ä–∞–±–æ—Ç–µ –∏–∑—É—á–∞—é—Ç—Å—è –¥–≤–∞
                                                   –Ω–∞–∏–±–æ–ª–µ–µ —ç—Ñ—Ñ–µ...

You may provide a definition with
\DeclareUnicodeCharacter 


! Package inputenc Error: Unicode character –Ω (U+043D)
(inputenc)                not set up for use with LaTeX.

See the inputenc package documentation for explanation.
Type  H <return>  for immediate help.
 ...                                              
                                                  
l.4 ...π —Ä–∞–±–æ—Ç–µ –∏–∑—É—á–∞—é—Ç—Å—è –¥–≤–∞ –Ω
                                                  –∞–∏–±–æ–ª–µ–µ —ç—Ñ—Ñ–µ–∫—...

You may provide a definition with
\DeclareUnicodeCharacter 


! Package inputenc Error: Unicode character –∞ (U+0430)
(inputenc)                not set up for use with LaTeX.

See the inputenc package documentation for explanation.
Type  H <return>  for immediate help.
 ...                                              
                                                  
l.4 ...—Ä–∞–±–æ—Ç–µ –∏–∑—É—á–∞—é—Ç—Å—è –¥–≤–∞ –Ω–∞
                                                  –∏–±–æ–ª–µ–µ —ç—Ñ—Ñ–µ–∫—Ç–...

You may provide a definition with
\DeclareUnicodeCharacter 


! Package inputenc Error: Unicode character –∏ (U+0438)
(inputenc)                not set up for use with LaTeX.

See the inputenc package documentation for explanation.
Type  H <return>  for immediate help.
 ...                                              
                                                  
l.4 ...–∞–±–æ—Ç–µ –∏–∑—É—á–∞—é—Ç—Å—è –¥–≤–∞ –Ω–∞–∏
                                                  –±–æ–ª–µ–µ —ç—Ñ—Ñ–µ–∫—Ç–∏–...

You may provide a definition with
\DeclareUnicodeCharacter 


! Package inputenc Error: Unicode character –± (U+0431)
(inputenc)                not set up for use with LaTeX.

See the inputenc package documentation for explanation.
Type  H <return>  for immediate help.
 ...                                              
                                                  
l.4 ...–±–æ—Ç–µ –∏–∑—É—á–∞—é—Ç—Å—è –¥–≤–∞ –Ω–∞–∏–±
                                                  –æ–ª–µ–µ —ç—Ñ—Ñ–µ–∫—Ç–∏–≤–...

You may provide a definition with
\DeclareUnicodeCharacter 


! Package inputenc Error: Unicode character –æ (U+043E)
(inputenc)                not set up for use with LaTeX.

See the inputenc package documentation for explanation.
Type  H <return>  for immediate help.
 ...                                              
                                                  
l.4 ...–æ—Ç–µ –∏–∑—É—á–∞—é—Ç—Å—è –¥–≤–∞ –Ω–∞–∏–±–æ
                                                  –ª–µ–µ —ç—Ñ—Ñ–µ–∫—Ç–∏–≤–Ω—...

You may provide a definition with
\DeclareUnicodeCharacter 


! Package inputenc Error: Unicode character –ª (U+043B)
(inputenc)                not set up for use with LaTeX.

See the inputenc package documentation for explanation.
Type  H <return>  for immediate help.
 ...                                              
                                                  
l.4 ...—Ç–µ –∏–∑—É—á–∞—é—Ç—Å—è –¥–≤–∞ –Ω–∞–∏–±–æ–ª
                                                  –µ–µ —ç—Ñ—Ñ–µ–∫—Ç–∏–≤–Ω—ã—...

You may provide a definition with
\DeclareUnicodeCharacter 


! Package inputenc Error: Unicode character –µ (U+0435)
(inputenc)                not set up for use with LaTeX.

See the inputenc package documentation for explanation.
Type  H <return>  for immediate help.
 ...                                              
                                                  
l.4 ...–µ –∏–∑—É—á–∞—é—Ç—Å—è –¥–≤–∞ –Ω–∞–∏–±–æ–ª–µ
                                                  –µ —ç—Ñ—Ñ–µ–∫—Ç–∏–≤–Ω—ã—Ö ...

You may provide a definition with
\DeclareUnicodeCharacter 


! Package inputenc Error: Unicode character –µ (U+0435)
(inputenc)                not set up for use with LaTeX.

See the inputenc package documentation for explanation.
Type  H <return>  for immediate help.
 ...                                              
                                                  
l.4 ... –∏–∑—É—á–∞—é—Ç—Å—è –¥–≤–∞ –Ω–∞–∏–±–æ–ª–µ–µ
                                                   —ç—Ñ—Ñ–µ–∫—Ç–∏–≤–Ω—ã—Ö –∏...

You may provide a definition with
\DeclareUnicodeCharacter 


! Package inputenc Error: Unicode character —ç (U+044D)
(inputenc)                not set up for use with LaTeX.

See the inputenc package documentation for explanation.
Type  H <return>  for immediate help.
 ...                                              
                                                  
l.4 ...–∑—É—á–∞—é—Ç—Å—è –¥–≤–∞ –Ω–∞–∏–±–æ–ª–µ–µ —ç
                                                  —Ñ—Ñ–µ–∫—Ç–∏–≤–Ω—ã—Ö –∏ –∏...

You may provide a definition with
\DeclareUnicodeCharacter 


! Package inputenc Error: Unicode character —Ñ (U+0444)
(inputenc)                not set up for use with LaTeX.

See the inputenc package documentation for explanation.
Type  H <return>  for immediate help.
 ...                                              
                                                  
l.4 ...—É—á–∞—é—Ç—Å—è –¥–≤–∞ –Ω–∞–∏–±–æ–ª–µ–µ —ç—Ñ
                                                  —Ñ–µ–∫—Ç–∏–≤–Ω—ã—Ö –∏ –∏–∑...

You may provide a definition with
\DeclareUnicodeCharacter 


! Package inputenc Error: Unicode character —Ñ (U+0444)
(inputenc)                not set up for use with LaTeX.

See the inputenc package documentation for explanation.
Type  H <return>  for immediate help.
 ...                                              
                                                  
l.4 ...—á–∞—é—Ç—Å—è –¥–≤–∞ –Ω–∞–∏–±–æ–ª–µ–µ —ç—Ñ—Ñ
                                                  –µ–∫—Ç–∏–≤–Ω—ã—Ö –∏ –∏–∑–≤...

You may provide a definition with
\DeclareUnicodeCharacter 


! Package inputenc Error: Unicode character –µ (U+0435)
(inputenc)                not set up for use with LaTeX.

See the inputenc package documentation for explanation.
Type  H <return>  for immediate help.
 ...                                              
                                                  
l.4 ...–∞—é—Ç—Å—è –¥–≤–∞ –Ω–∞–∏–±–æ–ª–µ–µ —ç—Ñ—Ñ–µ
                                                  –∫—Ç–∏–≤–Ω—ã—Ö –∏ –∏–∑–≤–µ...

You may provide a definition with
\DeclareUnicodeCharacter 


! Package inputenc Error: Unicode character –∫ (U+043A)
(inputenc)                not set up for use with LaTeX.

See the inputenc package documentation for explanation.
Type  H <return>  for immediate help.
 ...                                              
                                                  
l.4 ...—é—Ç—Å—è –¥–≤–∞ –Ω–∞–∏–±–æ–ª–µ–µ —ç—Ñ—Ñ–µ–∫
                                                  —Ç–∏–≤–Ω—ã—Ö –∏ –∏–∑–≤–µ—Å...

You may provide a definition with
\DeclareUnicodeCharacter 


! Package inputenc Error: Unicode character —Ç (U+0442)
(inputenc)                not set up for use with LaTeX.

See the inputenc package documentation for explanation.
Type  H <return>  for immediate help.
 ...                                              
                                                  
l.4 ...—Ç—Å—è –¥–≤–∞ –Ω–∞–∏–±–æ–ª–µ–µ —ç—Ñ—Ñ–µ–∫—Ç
                                                  –∏–≤–Ω—ã—Ö –∏ –∏–∑–≤–µ—Å—Ç...

You may provide a definition with
\DeclareUnicodeCharacter 


! Package inputenc Error: Unicode character –∏ (U+0438)
(inputenc)                not set up for use with LaTeX.

See the inputenc package documentation for explanation.
Type  H <return>  for immediate help.
 ...                                              
                                                  
l.4 ...—Å—è –¥–≤–∞ –Ω–∞–∏–±–æ–ª–µ–µ —ç—Ñ—Ñ–µ–∫—Ç–∏
                                                  –≤–Ω—ã—Ö –∏ –∏–∑–≤–µ—Å—Ç–Ω...

You may provide a definition with
\DeclareUnicodeCharacter 


! Package inputenc Error: Unicode character –≤ (U+0432)
(inputenc)                not set up for use with LaTeX.

See the inputenc package documentation for explanation.
Type  H <return>  for immediate help.
 ...                                              
                                                  
l.4 ...—è –¥–≤–∞ –Ω–∞–∏–±–æ–ª–µ–µ —ç—Ñ—Ñ–µ–∫—Ç–∏–≤
                                                  –Ω—ã—Ö –∏ –∏–∑–≤–µ—Å—Ç–Ω—ã...

You may provide a definition with
\DeclareUnicodeCharacter 


! Package inputenc Error: Unicode character –Ω (U+043D)
(inputenc)                not set up for use with LaTeX.

See the inputenc package documentation for explanation.
Type  H <return>  for immediate help.
 ...                                              
                                                  
l.4 ... –¥–≤–∞ –Ω–∞–∏–±–æ–ª–µ–µ —ç—Ñ—Ñ–µ–∫—Ç–∏–≤–Ω
                                                  —ã—Ö –∏ –∏–∑–≤–µ—Å—Ç–Ω—ã—Ö...

You may provide a definition with
\DeclareUnicodeCharacter 


! Package inputenc Error: Unicode character —ã (U+044B)
(inputenc)                not set up for use with LaTeX.

See the inputenc package documentation for explanation.
Type  H <return>  for immediate help.
 ...                                              
                                                  
l.4 ...¥–≤–∞ –Ω–∞–∏–±–æ–ª–µ–µ —ç—Ñ—Ñ–µ–∫—Ç–∏–≤–Ω—ã
                                                  —Ö –∏ –∏–∑–≤–µ—Å—Ç–Ω—ã—Ö –...

You may provide a definition with
\DeclareUnicodeCharacter 


! Package inputenc Error: Unicode character —Ö (U+0445)
(inputenc)                not set up for use with LaTeX.

See the inputenc package documentation for explanation.
Type  H <return>  for immediate help.
 ...                                              
                                                  
l.4 ...≤–∞ –Ω–∞–∏–±–æ–ª–µ–µ —ç—Ñ—Ñ–µ–∫—Ç–∏–≤–Ω—ã—Ö
                                                   –∏ –∏–∑–≤–µ—Å—Ç–Ω—ã—Ö –º–...

You may provide a definition with
\DeclareUnicodeCharacter 


! Package inputenc Error: Unicode character –∏ (U+0438)
(inputenc)                not set up for use with LaTeX.

See the inputenc package documentation for explanation.
Type  H <return>  for immediate help.
 ...                                              
                                                  
l.4 ... –Ω–∞–∏–±–æ–ª–µ–µ —ç—Ñ—Ñ–µ–∫—Ç–∏–≤–Ω—ã—Ö –∏
                                                   –∏–∑–≤–µ—Å—Ç–Ω—ã—Ö –º–µ—Ç...

You may provide a definition with
\DeclareUnicodeCharacter 


! Package inputenc Error: Unicode character –∏ (U+0438)
(inputenc)                not set up for use with LaTeX.

See the inputenc package documentation for explanation.
Type  H <return>  for immediate help.
 ...                                              
                                                  
l.4 ...–∞–∏–±–æ–ª–µ–µ —ç—Ñ—Ñ–µ–∫—Ç–∏–≤–Ω—ã—Ö –∏ –∏
                                                  –∑–≤–µ—Å—Ç–Ω—ã—Ö –º–µ—Ç–æ–...

You may provide a definition with
\DeclareUnicodeCharacter 


! Package inputenc Error: Unicode character –∑ (U+0437)
(inputenc)                not set up for use with LaTeX.

See the inputenc package documentation for explanation.
Type  H <return>  for immediate help.
 ...                                              
                                                  
l.4 ...–∏–±–æ–ª–µ–µ —ç—Ñ—Ñ–µ–∫—Ç–∏–≤–Ω—ã—Ö –∏ –∏–∑
                                                  –≤–µ—Å—Ç–Ω—ã—Ö –º–µ—Ç–æ–¥–...

You may provide a definition with
\DeclareUnicodeCharacter 


! Package inputenc Error: Unicode character –≤ (U+0432)
(inputenc)                not set up for use with LaTeX.

See the inputenc package documentation for explanation.
Type  H <return>  for immediate help.
 ...                                              
                                                  
l.4 ...–±–æ–ª–µ–µ —ç—Ñ—Ñ–µ–∫—Ç–∏–≤–Ω—ã—Ö –∏ –∏–∑–≤
                                                  –µ—Å—Ç–Ω—ã—Ö –º–µ—Ç–æ–¥–∞ ...

You may provide a definition with
\DeclareUnicodeCharacter 


! Package inputenc Error: Unicode character –µ (U+0435)
(inputenc)                not set up for use with LaTeX.

See the inputenc package documentation for explanation.
Type  H <return>  for immediate help.
 ...                                              
                                                  
l.4 ...–æ–ª–µ–µ —ç—Ñ—Ñ–µ–∫—Ç–∏–≤–Ω—ã—Ö –∏ –∏–∑–≤–µ
                                                  —Å—Ç–Ω—ã—Ö –º–µ—Ç–æ–¥–∞ –ø...

You may provide a definition with
\DeclareUnicodeCharacter 


! Package inputenc Error: Unicode character —Å (U+0441)
(inputenc)                not set up for use with LaTeX.

See the inputenc package documentation for explanation.
Type  H <return>  for immediate help.
 ...                                              
                                                  
l.4 ...–ª–µ–µ —ç—Ñ—Ñ–µ–∫—Ç–∏–≤–Ω—ã—Ö –∏ –∏–∑–≤–µ—Å
                                                  —Ç–Ω—ã—Ö –º–µ—Ç–æ–¥–∞ –ø—Ä...

You may provide a definition with
\DeclareUnicodeCharacter 


! Package inputenc Error: Unicode character —Ç (U+0442)
(inputenc)                not set up for use with LaTeX.

See the inputenc package documentation for explanation.
Type  H <return>  for immediate help.
 ...                                              
                                                  
l.4 ...–µ–µ —ç—Ñ—Ñ–µ–∫—Ç–∏–≤–Ω—ã—Ö –∏ –∏–∑–≤–µ—Å—Ç
                                                  –Ω—ã—Ö –º–µ—Ç–æ–¥–∞ –ø—Ä–µ...

You may provide a definition with
\DeclareUnicodeCharacter 


! Package inputenc Error: Unicode character –Ω (U+043D)
(inputenc)                not set up for use with LaTeX.

See the inputenc package documentation for explanation.
Type  H <return>  for immediate help.
 ...                                              
                                                  
l.4 ...–µ —ç—Ñ—Ñ–µ–∫—Ç–∏–≤–Ω—ã—Ö –∏ –∏–∑–≤–µ—Å—Ç–Ω
                                                  —ã—Ö –º–µ—Ç–æ–¥–∞ –ø—Ä–µ–æ...

You may provide a definition with
\DeclareUnicodeCharacter 


! Package inputenc Error: Unicode character —ã (U+044B)
(inputenc)                not set up for use with LaTeX.

See the inputenc package documentation for explanation.
Type  H <return>  for immediate help.
 ...                                              
                                                  
l.4 ... —ç—Ñ—Ñ–µ–∫—Ç–∏–≤–Ω—ã—Ö –∏ –∏–∑–≤–µ—Å—Ç–Ω—ã
                                                  —Ö –º–µ—Ç–æ–¥–∞ –ø—Ä–µ–æ–±...

You may provide a definition with
\DeclareUnicodeCharacter 


! Package inputenc Error: Unicode character —Ö (U+0445)
(inputenc)                not set up for use with LaTeX.

See the inputenc package documentation for explanation.
Type  H <return>  for immediate help.
 ...                                              
                                                  
l.4 ...ç—Ñ—Ñ–µ–∫—Ç–∏–≤–Ω—ã—Ö –∏ –∏–∑–≤–µ—Å—Ç–Ω—ã—Ö
                                                   –º–µ—Ç–æ–¥–∞ –ø—Ä–µ–æ–±—Ä...

You may provide a definition with
\DeclareUnicodeCharacter 


! Package inputenc Error: Unicode character –º (U+043C)
(inputenc)                not set up for use with LaTeX.

See the inputenc package documentation for explanation.
Type  H <return>  for immediate help.
 ...                                              
                                                  
l.4 ...—Ñ–µ–∫—Ç–∏–≤–Ω—ã—Ö –∏ –∏–∑–≤–µ—Å—Ç–Ω—ã—Ö –º
                                                  –µ—Ç–æ–¥–∞ –ø—Ä–µ–æ–±—Ä–∞–...

You may provide a definition with
\DeclareUnicodeCharacter 


! Package inputenc Error: Unicode character –µ (U+0435)
(inputenc)                not set up for use with LaTeX.

See the inputenc package documentation for explanation.
Type  H <return>  for immediate help.
 ...                                              
                                                  
l.4 ...–µ–∫—Ç–∏–≤–Ω—ã—Ö –∏ –∏–∑–≤–µ—Å—Ç–Ω—ã—Ö –º–µ
                                                  —Ç–æ–¥–∞ –ø—Ä–µ–æ–±—Ä–∞–∑–...

You may provide a definition with
\DeclareUnicodeCharacter 


! Package inputenc Error: Unicode character —Ç (U+0442)
(inputenc)                not set up for use with LaTeX.

See the inputenc package documentation for explanation.
Type  H <return>  for immediate help.
 ...                                              
                                                  
l.4 ...–∫—Ç–∏–≤–Ω—ã—Ö –∏ –∏–∑–≤–µ—Å—Ç–Ω—ã—Ö –º–µ—Ç
                                                  –æ–¥–∞ –ø—Ä–µ–æ–±—Ä–∞–∑–æ–...

You may provide a definition with
\DeclareUnicodeCharacter 


! Package inputenc Error: Unicode character –æ (U+043E)
(inputenc)                not set up for use with LaTeX.

See the inputenc package documentation for explanation.
Type  H <return>  for immediate help.
 ...                                              
                                                  
l.4 ...—Ç–∏–≤–Ω—ã—Ö –∏ –∏–∑–≤–µ—Å—Ç–Ω—ã—Ö –º–µ—Ç–æ
                                                  –¥–∞ –ø—Ä–µ–æ–±—Ä–∞–∑–æ–≤–...

You may provide a definition with
\DeclareUnicodeCharacter 


! Package inputenc Error: Unicode character –¥ (U+0434)
(inputenc)                not set up for use with LaTeX.

See the inputenc package documentation for explanation.
Type  H <return>  for immediate help.
 ...                                              
                                                  
l.4 ...–∏–≤–Ω—ã—Ö –∏ –∏–∑–≤–µ—Å—Ç–Ω—ã—Ö –º–µ—Ç–æ–¥
                                                  –∞ –ø—Ä–µ–æ–±—Ä–∞–∑–æ–≤–∞–...

You may provide a definition with
\DeclareUnicodeCharacter 


! Package inputenc Error: Unicode character –∞ (U+0430)
(inputenc)                not set up for use with LaTeX.

See the inputenc package documentation for explanation.
Type  H <return>  for immediate help.
 ...                                              
                                                  
l.4 ...–≤–Ω—ã—Ö –∏ –∏–∑–≤–µ—Å—Ç–Ω—ã—Ö –º–µ—Ç–æ–¥–∞
                                                   –ø—Ä–µ–æ–±—Ä–∞–∑–æ–≤–∞–Ω–...

You may provide a definition with
\DeclareUnicodeCharacter 


! Package inputenc Error: Unicode character –ø (U+043F)
(inputenc)                not set up for use with LaTeX.

See the inputenc package documentation for explanation.
Type  H <return>  for immediate help.
 ...                                              
                                                  
l.4 ...Ω—ã—Ö –∏ –∏–∑–≤–µ—Å—Ç–Ω—ã—Ö –º–µ—Ç–æ–¥–∞ –ø
                                                  —Ä–µ–æ–±—Ä–∞–∑–æ–≤–∞–Ω–∏—è...

You may provide a definition with
\DeclareUnicodeCharacter 


! Package inputenc Error: Unicode character —Ä (U+0440)
(inputenc)                not set up for use with LaTeX.

See the inputenc package documentation for explanation.
Type  H <return>  for immediate help.
 ...                                              
                                                  
l.4 ...ã—Ö –∏ –∏–∑–≤–µ—Å—Ç–Ω—ã—Ö –º–µ—Ç–æ–¥–∞ –ø—Ä
                                                  –µ–æ–±—Ä–∞–∑–æ–≤–∞–Ω–∏—è —...

You may provide a definition with
\DeclareUnicodeCharacter 


! Package inputenc Error: Unicode character –µ (U+0435)
(inputenc)                not set up for use with LaTeX.

See the inputenc package documentation for explanation.
Type  H <return>  for immediate help.
 ...                                              
                                                  
l.4 ...Ö –∏ –∏–∑–≤–µ—Å—Ç–Ω—ã—Ö –º–µ—Ç–æ–¥–∞ –ø—Ä–µ
                                                  –æ–±—Ä–∞–∑–æ–≤–∞–Ω–∏—è —Å—...

You may provide a definition with
\DeclareUnicodeCharacter 


! Package inputenc Error: Unicode character –æ (U+043E)
(inputenc)                not set up for use with LaTeX.

See the inputenc package documentation for explanation.
Type  H <return>  for immediate help.
 ...                                              
                                                  
l.4 ...–∏ –∏–∑–≤–µ—Å—Ç–Ω—ã—Ö –º–µ—Ç–æ–¥–∞ –ø—Ä–µ–æ
                                                  –±—Ä–∞–∑–æ–≤–∞–Ω–∏—è —Å—Ç—...

You may provide a definition with
\DeclareUnicodeCharacter 


! Package inputenc Error: Unicode character –± (U+0431)
(inputenc)                not set up for use with LaTeX.

See the inputenc package documentation for explanation.
Type  H <return>  for immediate help.
 ...                                              
                                                  
l.4 ... –∏–∑–≤–µ—Å—Ç–Ω—ã—Ö –º–µ—Ç–æ–¥–∞ –ø—Ä–µ–æ–±
                                                  —Ä–∞–∑–æ–≤–∞–Ω–∏—è —Å—Ç—Ä—...

You may provide a definition with
\DeclareUnicodeCharacter 


! Package inputenc Error: Unicode character —Ä (U+0440)
(inputenc)                not set up for use with LaTeX.

See the inputenc package documentation for explanation.
Type  H <return>  for immediate help.
 ...                                              
                                                  
l.4 ...∏–∑–≤–µ—Å—Ç–Ω—ã—Ö –º–µ—Ç–æ–¥–∞ –ø—Ä–µ–æ–±—Ä
                                                  –∞–∑–æ–≤–∞–Ω–∏—è —Å—Ç—Ä—É–...

You may provide a definition with
\DeclareUnicodeCharacter 


! Package inputenc Error: Unicode character –∞ (U+0430)
(inputenc)                not set up for use with LaTeX.

See the inputenc package documentation for explanation.
Type  H <return>  for immediate help.
 ...                                              
                                                  
l.4 ...∑–≤–µ—Å—Ç–Ω—ã—Ö –º–µ—Ç–æ–¥–∞ –ø—Ä–µ–æ–±—Ä–∞
                                                  –∑–æ–≤–∞–Ω–∏—è —Å—Ç—Ä—É–∫—...

You may provide a definition with
\DeclareUnicodeCharacter 


! Package inputenc Error: Unicode character –∑ (U+0437)
(inputenc)                not set up for use with LaTeX.

See the inputenc package documentation for explanation.
Type  H <return>  for immediate help.
 ...                                              
                                                  
l.4 ...≤–µ—Å—Ç–Ω—ã—Ö –º–µ—Ç–æ–¥–∞ –ø—Ä–µ–æ–±—Ä–∞–∑
                                                  –æ–≤–∞–Ω–∏—è —Å—Ç—Ä—É–∫—Ç—...

You may provide a definition with
\DeclareUnicodeCharacter 


! Package inputenc Error: Unicode character –æ (U+043E)
(inputenc)                not set up for use with LaTeX.

See the inputenc package documentation for explanation.
Type  H <return>  for immediate help.
 ...                                              
                                                  
l.4 ...µ—Å—Ç–Ω—ã—Ö –º–µ—Ç–æ–¥–∞ –ø—Ä–µ–æ–±—Ä–∞–∑–æ
                                                  –≤–∞–Ω–∏—è —Å—Ç—Ä—É–∫—Ç—É—...

You may provide a definition with
\DeclareUnicodeCharacter 


! Package inputenc Error: Unicode character –≤ (U+0432)
(inputenc)                not set up for use with LaTeX.

See the inputenc package documentation for explanation.
Type  H <return>  for immediate help.
 ...                                              
                                                  
l.4 ...Å—Ç–Ω—ã—Ö –º–µ—Ç–æ–¥–∞ –ø—Ä–µ–æ–±—Ä–∞–∑–æ–≤
                                                  –∞–Ω–∏—è —Å—Ç—Ä—É–∫—Ç—É—Ä—...

You may provide a definition with
\DeclareUnicodeCharacter 


! Package inputenc Error: Unicode character –∞ (U+0430)
(inputenc)                not set up for use with LaTeX.

See the inputenc package documentation for explanation.
Type  H <return>  for immediate help.
 ...                                              
                                                  
l.4 ...Ç–Ω—ã—Ö –º–µ—Ç–æ–¥–∞ –ø—Ä–µ–æ–±—Ä–∞–∑–æ–≤–∞
                                                  –Ω–∏—è —Å—Ç—Ä—É–∫—Ç—É—Ä—ã ...

You may provide a definition with
\DeclareUnicodeCharacter 


! Package inputenc Error: Unicode character –Ω (U+043D)
(inputenc)                not set up for use with LaTeX.

See the inputenc package documentation for explanation.
Type  H <return>  for immediate help.
 ...                                              
                                                  
l.4 ...Ω—ã—Ö –º–µ—Ç–æ–¥–∞ –ø—Ä–µ–æ–±—Ä–∞–∑–æ–≤–∞–Ω
                                                  –∏—è —Å—Ç—Ä—É–∫—Ç—É—Ä—ã –ª...

You may provide a definition with
\DeclareUnicodeCharacter 


! Package inputenc Error: Unicode character –∏ (U+0438)
(inputenc)                not set up for use with LaTeX.

See the inputenc package documentation for explanation.
Type  H <return>  for immediate help.
 ...                                              
                                                  
l.4 ...ã—Ö –º–µ—Ç–æ–¥–∞ –ø—Ä–µ–æ–±—Ä–∞–∑–æ–≤–∞–Ω–∏
                                                  —è —Å—Ç—Ä—É–∫—Ç—É—Ä—ã –ª–∞...

You may provide a definition with
\DeclareUnicodeCharacter 


! Package inputenc Error: Unicode character —è (U+044F)
(inputenc)                not set up for use with LaTeX.

See the inputenc package documentation for explanation.
Type  H <return>  for immediate help.
 ...                                              
                                                  
l.4 ...Ö –º–µ—Ç–æ–¥–∞ –ø—Ä–µ–æ–±—Ä–∞–∑–æ–≤–∞–Ω–∏—è
                                                   —Å—Ç—Ä—É–∫—Ç—É—Ä—ã –ª–∞–∑...

You may provide a definition with
\DeclareUnicodeCharacter 


! Package inputenc Error: Unicode character —Å (U+0441)
(inputenc)                not set up for use with LaTeX.

See the inputenc package documentation for explanation.
Type  H <return>  for immediate help.
 ...                                              
                                                  
l.4 ...º–µ—Ç–æ–¥–∞ –ø—Ä–µ–æ–±—Ä–∞–∑–æ–≤–∞–Ω–∏—è —Å
                                                  —Ç—Ä—É–∫—Ç—É—Ä—ã –ª–∞–∑–µ—...

You may provide a definition with
\DeclareUnicodeCharacter 


! Package inputenc Error: Unicode character —Ç (U+0442)
(inputenc)                not set up for use with LaTeX.

See the inputenc package documentation for explanation.
Type  H <return>  for immediate help.
 ...                                              
                                                  
l.4 ...µ—Ç–æ–¥–∞ –ø—Ä–µ–æ–±—Ä–∞–∑–æ–≤–∞–Ω–∏—è —Å—Ç
                                                  —Ä—É–∫—Ç—É—Ä—ã –ª–∞–∑–µ—Ä–...

You may provide a definition with
\DeclareUnicodeCharacter 


! Package inputenc Error: Unicode character —Ä (U+0440)
(inputenc)                not set up for use with LaTeX.

See the inputenc package documentation for explanation.
Type  H <return>  for immediate help.
 ...                                              
                                                  
l.4 ...Ç–æ–¥–∞ –ø—Ä–µ–æ–±—Ä–∞–∑–æ–≤–∞–Ω–∏—è —Å—Ç—Ä
                                                  —É–∫—Ç—É—Ä—ã –ª–∞–∑–µ—Ä–Ω–...

You may provide a definition with
\DeclareUnicodeCharacter 


! Package inputenc Error: Unicode character —É (U+0443)
(inputenc)                not set up for use with LaTeX.

See the inputenc package documentation for explanation.
Type  H <return>  for immediate help.
 ...                                              
                                                  
l.4 ...æ–¥–∞ –ø—Ä–µ–æ–±—Ä–∞–∑–æ–≤–∞–Ω–∏—è —Å—Ç—Ä—É
                                                  –∫—Ç—É—Ä—ã –ª–∞–∑–µ—Ä–Ω–æ–...

You may provide a definition with
\DeclareUnicodeCharacter 


! Package inputenc Error: Unicode character –∫ (U+043A)
(inputenc)                not set up for use with LaTeX.

See the inputenc package documentation for explanation.
Type  H <return>  for immediate help.
 ...                                              
                                                  
l.4 ...¥–∞ –ø—Ä–µ–æ–±—Ä–∞–∑–æ–≤–∞–Ω–∏—è —Å—Ç—Ä—É–∫
                                                  —Ç—É—Ä—ã –ª–∞–∑–µ—Ä–Ω–æ–≥–...

You may provide a definition with
\DeclareUnicodeCharacter 


! Package inputenc Error: Unicode character —Ç (U+0442)
(inputenc)                not set up for use with LaTeX.

See the inputenc package documentation for explanation.
Type  H <return>  for immediate help.
 ...                                              
                                                  
l.4 ...∞ –ø—Ä–µ–æ–±—Ä–∞–∑–æ–≤–∞–Ω–∏—è —Å—Ç—Ä—É–∫—Ç
                                                  —É—Ä—ã –ª–∞–∑–µ—Ä–Ω–æ–≥–æ ...

You may provide a definition with
\DeclareUnicodeCharacter 


! Package inputenc Error: Unicode character —É (U+0443)
(inputenc)                not set up for use with LaTeX.

See the inputenc package documentation for explanation.
Type  H <return>  for immediate help.
 ...                                              
                                                  
l.4 ...–ø—Ä–µ–æ–±—Ä–∞–∑–æ–≤–∞–Ω–∏—è —Å—Ç—Ä—É–∫—Ç—É
                                                  —Ä—ã –ª–∞–∑–µ—Ä–Ω–æ–≥–æ –∏...

You may provide a definition with
\DeclareUnicodeCharacter 


! Package inputenc Error: Unicode character —Ä (U+0440)
(inputenc)                not set up for use with LaTeX.

See the inputenc package documentation for explanation.
Type  H <return>  for immediate help.
 ...                                              
                                                  
l.4 ...—Ä–µ–æ–±—Ä–∞–∑–æ–≤–∞–Ω–∏—è —Å—Ç—Ä—É–∫—Ç—É—Ä
                                                  —ã –ª–∞–∑–µ—Ä–Ω–æ–≥–æ –∏–∑...

You may provide a definition with
\DeclareUnicodeCharacter 


! Package inputenc Error: Unicode character —ã (U+044B)
(inputenc)                not set up for use with LaTeX.

See the inputenc package documentation for explanation.
Type  H <return>  for immediate help.
 ...                                              
                                                  
l.4 ...–µ–æ–±—Ä–∞–∑–æ–≤–∞–Ω–∏—è —Å—Ç—Ä—É–∫—Ç—É—Ä—ã
                                                   –ª–∞–∑–µ—Ä–Ω–æ–≥–æ –∏–∑–ª...

You may provide a definition with
\DeclareUnicodeCharacter 


! Package inputenc Error: Unicode character –ª (U+043B)
(inputenc)                not set up for use with LaTeX.

See the inputenc package documentation for explanation.
Type  H <return>  for immediate help.
 ...                                              
                                                  
l.4 ...æ–±—Ä–∞–∑–æ–≤–∞–Ω–∏—è —Å—Ç—Ä—É–∫—Ç—É—Ä—ã –ª
                                                  –∞–∑–µ—Ä–Ω–æ–≥–æ –∏–∑–ª—É—...

You may provide a definition with
\DeclareUnicodeCharacter 


! Package inputenc Error: Unicode character –∞ (U+0430)
(inputenc)                not set up for use with LaTeX.

See the inputenc package documentation for explanation.
Type  H <return>  for immediate help.
 ...                                              
                                                  
l.4 ...±—Ä–∞–∑–æ–≤–∞–Ω–∏—è —Å—Ç—Ä—É–∫—Ç—É—Ä—ã –ª–∞
                                                  –∑–µ—Ä–Ω–æ–≥–æ –∏–∑–ª—É—á–...

You may provide a definition with
\DeclareUnicodeCharacter 


! Package inputenc Error: Unicode character –∑ (U+0437)
(inputenc)                not set up for use with LaTeX.

See the inputenc package documentation for explanation.
Type  H <return>  for immediate help.
 ...                                              
                                                  
l.4 ...Ä–∞–∑–æ–≤–∞–Ω–∏—è —Å—Ç—Ä—É–∫—Ç—É—Ä—ã –ª–∞–∑
                                                  –µ—Ä–Ω–æ–≥–æ –∏–∑–ª—É—á–µ–...

You may provide a definition with
\DeclareUnicodeCharacter 


! Package inputenc Error: Unicode character –µ (U+0435)
(inputenc)                not set up for use with LaTeX.

See the inputenc package documentation for explanation.
Type  H <return>  for immediate help.
 ...                                              
                                                  
l.4 ...∞–∑–æ–≤–∞–Ω–∏—è —Å—Ç—Ä—É–∫—Ç—É—Ä—ã –ª–∞–∑–µ
                                                  —Ä–Ω–æ–≥–æ –∏–∑–ª—É—á–µ–Ω–...

You may provide a definition with
\DeclareUnicodeCharacter 


! Package inputenc Error: Unicode character —Ä (U+0440)
(inputenc)                not set up for use with LaTeX.

See the inputenc package documentation for explanation.
Type  H <return>  for immediate help.
 ...                                              
                                                  
l.4 ...∑–æ–≤–∞–Ω–∏—è —Å—Ç—Ä—É–∫—Ç—É—Ä—ã –ª–∞–∑–µ—Ä
                                                  –Ω–æ–≥–æ –∏–∑–ª—É—á–µ–Ω–∏—...
(That makes 100 errors; please try again.) 
Here is how much of TeX's memory you used:
 43 strings out of 480478
 719 string characters out of 5905959
 239147 words of memory out of 5000000
 16169 multiletter control sequences out of 15000+600000
 532338 words of font info for 24 fonts, out of 8000000 for 9000
 1141 hyphenation exceptions out of 8191
 12i,0n,15p,2293b,22s stack positions out of 5000i,500n,10000p,200000b,80000s

!  ==> Fatal error occurred, no output PDF file produced!
