This is pdfTeX, Version 3.14159265-2.6-1.40.21 (TeX Live 2020/Arch Linux) (preloaded format=pdflatex 2020.7.21)  1 JAN 2021 14:50
entering extended mode
 restricted \write18 enabled.
 %&-line parsing enabled.
**ovf.tex
(./ovf.tex
LaTeX2e <2020-02-02> patch level 5
L3 programming layer <2020-06-03>
! Undefined control sequence.
l.2 \section
            {–ú–µ—Ç–æ–¥ –æ–±—Ä–∞—â–µ–Ω–∏—è –≤–æ–ª–Ω–æ–≤–æ–≥–æ —Ñ—Ä–æ–Ω—Ç–∞ –...
The control sequence at the end of the top line
of your error message was never \def'ed. If you have
misspelled it (e.g., `\hobx'), type `I' and the correct
spelling (e.g., `I\hbox'). Otherwise just continue,
and I'll forget about whatever was undefined.


! Package inputenc Error: Unicode character –ú (U+041C)
(inputenc)                not set up for use with LaTeX.

See the inputenc package documentation for explanation.
Type  H <return>  for immediate help.
 ...                                              
                                                  
l.2 \section{–ú
               –µ—Ç–æ–¥ –æ–±—Ä–∞—â–µ–Ω–∏—è –≤–æ–ª–Ω–æ–≤–æ–≥–æ —Ñ—Ä–æ–Ω—Ç–∞ –...

You may provide a definition with
\DeclareUnicodeCharacter 


! Package inputenc Error: Unicode character –µ (U+0435)
(inputenc)                not set up for use with LaTeX.

See the inputenc package documentation for explanation.
Type  H <return>  for immediate help.
 ...                                              
                                                  
l.2 \section{–ú–µ
                 —Ç–æ–¥ –æ–±—Ä–∞—â–µ–Ω–∏—è –≤–æ–ª–Ω–æ–≤–æ–≥–æ —Ñ—Ä–æ–Ω—Ç–∞ –...

You may provide a definition with
\DeclareUnicodeCharacter 


! Package inputenc Error: Unicode character —Ç (U+0442)
(inputenc)                not set up for use with LaTeX.

See the inputenc package documentation for explanation.
Type  H <return>  for immediate help.
 ...                                              
                                                  
l.2 \section{–ú–µ—Ç
                   –æ–¥ –æ–±—Ä–∞—â–µ–Ω–∏—è –≤–æ–ª–Ω–æ–≤–æ–≥–æ —Ñ—Ä–æ–Ω—Ç–∞ –...

You may provide a definition with
\DeclareUnicodeCharacter 


! Package inputenc Error: Unicode character –æ (U+043E)
(inputenc)                not set up for use with LaTeX.

See the inputenc package documentation for explanation.
Type  H <return>  for immediate help.
 ...                                              
                                                  
l.2 \section{–ú–µ—Ç–æ
                     –¥ –æ–±—Ä–∞—â–µ–Ω–∏—è –≤–æ–ª–Ω–æ–≤–æ–≥–æ —Ñ—Ä–æ–Ω—Ç–∞ –...

You may provide a definition with
\DeclareUnicodeCharacter 


! Package inputenc Error: Unicode character –¥ (U+0434)
(inputenc)                not set up for use with LaTeX.

See the inputenc package documentation for explanation.
Type  H <return>  for immediate help.
 ...                                              
                                                  
l.2 \section{–ú–µ—Ç–æ–¥
                        –æ–±—Ä–∞—â–µ–Ω–∏—è –≤–æ–ª–Ω–æ–≤–æ–≥–æ —Ñ—Ä–æ–Ω—Ç–∞ –...

You may provide a definition with
\DeclareUnicodeCharacter 


! Package inputenc Error: Unicode character –æ (U+043E)
(inputenc)                not set up for use with LaTeX.

See the inputenc package documentation for explanation.
Type  H <return>  for immediate help.
 ...                                              
                                                  
l.2 \section{–ú–µ—Ç–æ–¥ –æ
                          –±—Ä–∞—â–µ–Ω–∏—è –≤–æ–ª–Ω–æ–≤–æ–≥–æ —Ñ—Ä–æ–Ω—Ç–∞ –...

You may provide a definition with
\DeclareUnicodeCharacter 


! Package inputenc Error: Unicode character –± (U+0431)
(inputenc)                not set up for use with LaTeX.

See the inputenc package documentation for explanation.
Type  H <return>  for immediate help.
 ...                                              
                                                  
l.2 \section{–ú–µ—Ç–æ–¥ –æ–±
                            —Ä–∞—â–µ–Ω–∏—è –≤–æ–ª–Ω–æ–≤–æ–≥–æ —Ñ—Ä–æ–Ω—Ç–∞ –...

You may provide a definition with
\DeclareUnicodeCharacter 


! Package inputenc Error: Unicode character —Ä (U+0440)
(inputenc)                not set up for use with LaTeX.

See the inputenc package documentation for explanation.
Type  H <return>  for immediate help.
 ...                                              
                                                  
l.2 \section{–ú–µ—Ç–æ–¥ –æ–±—Ä
                              –∞—â–µ–Ω–∏—è –≤–æ–ª–Ω–æ–≤–æ–≥–æ —Ñ—Ä–æ–Ω—Ç–∞ –...

You may provide a definition with
\DeclareUnicodeCharacter 


! Package inputenc Error: Unicode character –∞ (U+0430)
(inputenc)                not set up for use with LaTeX.

See the inputenc package documentation for explanation.
Type  H <return>  for immediate help.
 ...                                              
                                                  
l.2 \section{–ú–µ—Ç–æ–¥ –æ–±—Ä–∞
                                —â–µ–Ω–∏—è –≤–æ–ª–Ω–æ–≤–æ–≥–æ —Ñ—Ä–æ–Ω—Ç–∞ –...

You may provide a definition with
\DeclareUnicodeCharacter 


! Package inputenc Error: Unicode character —â (U+0449)
(inputenc)                not set up for use with LaTeX.

See the inputenc package documentation for explanation.
Type  H <return>  for immediate help.
 ...                                              
                                                  
l.2 \section{–ú–µ—Ç–æ–¥ –æ–±—Ä–∞—â
                                  –µ–Ω–∏—è –≤–æ–ª–Ω–æ–≤–æ–≥–æ —Ñ—Ä–æ–Ω—Ç–∞ –...

You may provide a definition with
\DeclareUnicodeCharacter 


! Package inputenc Error: Unicode character –µ (U+0435)
(inputenc)                not set up for use with LaTeX.

See the inputenc package documentation for explanation.
Type  H <return>  for immediate help.
 ...                                              
                                                  
l.2 \section{–ú–µ—Ç–æ–¥ –æ–±—Ä–∞—â–µ
                                    –Ω–∏—è –≤–æ–ª–Ω–æ–≤–æ–≥–æ —Ñ—Ä–æ–Ω—Ç–∞ –...

You may provide a definition with
\DeclareUnicodeCharacter 


! Package inputenc Error: Unicode character –Ω (U+043D)
(inputenc)                not set up for use with LaTeX.

See the inputenc package documentation for explanation.
Type  H <return>  for immediate help.
 ...                                              
                                                  
l.2 \section{–ú–µ—Ç–æ–¥ –æ–±—Ä–∞—â–µ–Ω
                                      –∏—è –≤–æ–ª–Ω–æ–≤–æ–≥–æ —Ñ—Ä–æ–Ω—Ç–∞ –...

You may provide a definition with
\DeclareUnicodeCharacter 


! Package inputenc Error: Unicode character –∏ (U+0438)
(inputenc)                not set up for use with LaTeX.

See the inputenc package documentation for explanation.
Type  H <return>  for immediate help.
 ...                                              
                                                  
l.2 \section{–ú–µ—Ç–æ–¥ –æ–±—Ä–∞—â–µ–Ω–∏
                                        —è –≤–æ–ª–Ω–æ–≤–æ–≥–æ —Ñ—Ä–æ–Ω—Ç–∞ –...

You may provide a definition with
\DeclareUnicodeCharacter 


! Package inputenc Error: Unicode character —è (U+044F)
(inputenc)                not set up for use with LaTeX.

See the inputenc package documentation for explanation.
Type  H <return>  for immediate help.
 ...                                              
                                                  
l.2 \section{–ú–µ—Ç–æ–¥ –æ–±—Ä–∞—â–µ–Ω–∏—è
                                           –≤–æ–ª–Ω–æ–≤–æ–≥–æ —Ñ—Ä–æ–Ω—Ç–∞ –...

You may provide a definition with
\DeclareUnicodeCharacter 


! Package inputenc Error: Unicode character –≤ (U+0432)
(inputenc)                not set up for use with LaTeX.

See the inputenc package documentation for explanation.
Type  H <return>  for immediate help.
 ...                                              
                                                  
l.2 \section{–ú–µ—Ç–æ–¥ –æ–±—Ä–∞—â–µ–Ω–∏—è –≤
                                             –æ–ª–Ω–æ–≤–æ–≥–æ —Ñ—Ä–æ–Ω—Ç–∞ –...

You may provide a definition with
\DeclareUnicodeCharacter 


! Package inputenc Error: Unicode character –æ (U+043E)
(inputenc)                not set up for use with LaTeX.

See the inputenc package documentation for explanation.
Type  H <return>  for immediate help.
 ...                                              
                                                  
l.2 \section{–ú–µ—Ç–æ–¥ –æ–±—Ä–∞—â–µ–Ω–∏—è –≤–æ
                                               –ª–Ω–æ–≤–æ–≥–æ —Ñ—Ä–æ–Ω—Ç–∞ –...

You may provide a definition with
\DeclareUnicodeCharacter 


! Package inputenc Error: Unicode character –ª (U+043B)
(inputenc)                not set up for use with LaTeX.

See the inputenc package documentation for explanation.
Type  H <return>  for immediate help.
 ...                                              
                                                  
l.2 \section{–ú–µ—Ç–æ–¥ –æ–±—Ä–∞—â–µ–Ω–∏—è –≤–æ–ª
                                                 –Ω–æ–≤–æ–≥–æ —Ñ—Ä–æ–Ω—Ç–∞ –...

You may provide a definition with
\DeclareUnicodeCharacter 


! Package inputenc Error: Unicode character –Ω (U+043D)
(inputenc)                not set up for use with LaTeX.

See the inputenc package documentation for explanation.
Type  H <return>  for immediate help.
 ...                                              
                                                  
l.2 ...tion{–ú–µ—Ç–æ–¥ –æ–±—Ä–∞—â–µ–Ω–∏—è –≤–æ–ª–Ω
                                                  –æ–≤–æ–≥–æ —Ñ—Ä–æ–Ω—Ç–∞ –∏...

You may provide a definition with
\DeclareUnicodeCharacter 


! Package inputenc Error: Unicode character –æ (U+043E)
(inputenc)                not set up for use with LaTeX.

See the inputenc package documentation for explanation.
Type  H <return>  for immediate help.
 ...                                              
                                                  
l.2 ...on{–ú–µ—Ç–æ–¥ –æ–±—Ä–∞—â–µ–Ω–∏—è –≤–æ–ª–Ω–æ
                                                  –≤–æ–≥–æ —Ñ—Ä–æ–Ω—Ç–∞ –∏–∑...

You may provide a definition with
\DeclareUnicodeCharacter 


! Package inputenc Error: Unicode character –≤ (U+0432)
(inputenc)                not set up for use with LaTeX.

See the inputenc package documentation for explanation.
Type  H <return>  for immediate help.
 ...                                              
                                                  
l.2 ...{–ú–µ—Ç–æ–¥ –æ–±—Ä–∞—â–µ–Ω–∏—è –≤–æ–ª–Ω–æ–≤
                                                  –æ–≥–æ —Ñ—Ä–æ–Ω—Ç–∞ –∏–∑–ª...

You may provide a definition with
\DeclareUnicodeCharacter 


! Package inputenc Error: Unicode character –æ (U+043E)
(inputenc)                not set up for use with LaTeX.

See the inputenc package documentation for explanation.
Type  H <return>  for immediate help.
 ...                                              
                                                  
l.2 ...ú–µ—Ç–æ–¥ –æ–±—Ä–∞—â–µ–Ω–∏—è –≤–æ–ª–Ω–æ–≤–æ
                                                  –≥–æ —Ñ—Ä–æ–Ω—Ç–∞ –∏–∑–ª—É...

You may provide a definition with
\DeclareUnicodeCharacter 


! Package inputenc Error: Unicode character –≥ (U+0433)
(inputenc)                not set up for use with LaTeX.

See the inputenc package documentation for explanation.
Type  H <return>  for immediate help.
 ...                                              
                                                  
l.2 ...µ—Ç–æ–¥ –æ–±—Ä–∞—â–µ–Ω–∏—è –≤–æ–ª–Ω–æ–≤–æ–≥
                                                  –æ —Ñ—Ä–æ–Ω—Ç–∞ –∏–∑–ª—É—á...

You may provide a definition with
\DeclareUnicodeCharacter 


! Package inputenc Error: Unicode character –æ (U+043E)
(inputenc)                not set up for use with LaTeX.

See the inputenc package documentation for explanation.
Type  H <return>  for immediate help.
 ...                                              
                                                  
l.2 ...Ç–æ–¥ –æ–±—Ä–∞—â–µ–Ω–∏—è –≤–æ–ª–Ω–æ–≤–æ–≥–æ
                                                   —Ñ—Ä–æ–Ω—Ç–∞ –∏–∑–ª—É—á–µ...

You may provide a definition with
\DeclareUnicodeCharacter 


! Package inputenc Error: Unicode character —Ñ (U+0444)
(inputenc)                not set up for use with LaTeX.

See the inputenc package documentation for explanation.
Type  H <return>  for immediate help.
 ...                                              
                                                  
l.2 ...–¥ –æ–±—Ä–∞—â–µ–Ω–∏—è –≤–æ–ª–Ω–æ–≤–æ–≥–æ —Ñ
                                                  —Ä–æ–Ω—Ç–∞ –∏–∑–ª—É—á–µ–Ω–...

You may provide a definition with
\DeclareUnicodeCharacter 


! Package inputenc Error: Unicode character —Ä (U+0440)
(inputenc)                not set up for use with LaTeX.

See the inputenc package documentation for explanation.
Type  H <return>  for immediate help.
 ...                                              
                                                  
l.2 ... –æ–±—Ä–∞—â–µ–Ω–∏—è –≤–æ–ª–Ω–æ–≤–æ–≥–æ —Ñ—Ä
                                                  –æ–Ω—Ç–∞ –∏–∑–ª—É—á–µ–Ω–∏—è}
You may provide a definition with
\DeclareUnicodeCharacter 


! Package inputenc Error: Unicode character –æ (U+043E)
(inputenc)                not set up for use with LaTeX.

See the inputenc package documentation for explanation.
Type  H <return>  for immediate help.
 ...                                              
                                                  
l.2 ...æ–±—Ä–∞—â–µ–Ω–∏—è –≤–æ–ª–Ω–æ–≤–æ–≥–æ —Ñ—Ä–æ
                                                  –Ω—Ç–∞ –∏–∑–ª—É—á–µ–Ω–∏—è}
You may provide a definition with
\DeclareUnicodeCharacter 


! Package inputenc Error: Unicode character –Ω (U+043D)
(inputenc)                not set up for use with LaTeX.

See the inputenc package documentation for explanation.
Type  H <return>  for immediate help.
 ...                                              
                                                  
l.2 ...±—Ä–∞—â–µ–Ω–∏—è –≤–æ–ª–Ω–æ–≤–æ–≥–æ —Ñ—Ä–æ–Ω
                                                  —Ç–∞ –∏–∑–ª—É—á–µ–Ω–∏—è}
You may provide a definition with
\DeclareUnicodeCharacter 


! Package inputenc Error: Unicode character —Ç (U+0442)
(inputenc)                not set up for use with LaTeX.

See the inputenc package documentation for explanation.
Type  H <return>  for immediate help.
 ...                                              
                                                  
l.2 ...Ä–∞—â–µ–Ω–∏—è –≤–æ–ª–Ω–æ–≤–æ–≥–æ —Ñ—Ä–æ–Ω—Ç
                                                  –∞ –∏–∑–ª—É—á–µ–Ω–∏—è}
You may provide a definition with
\DeclareUnicodeCharacter 


! Package inputenc Error: Unicode character –∞ (U+0430)
(inputenc)                not set up for use with LaTeX.

See the inputenc package documentation for explanation.
Type  H <return>  for immediate help.
 ...                                              
                                                  
l.2 ...∞—â–µ–Ω–∏—è –≤–æ–ª–Ω–æ–≤–æ–≥–æ —Ñ—Ä–æ–Ω—Ç–∞
                                                   –∏–∑–ª—É—á–µ–Ω–∏—è}
You may provide a definition with
\DeclareUnicodeCharacter 


! Package inputenc Error: Unicode character –∏ (U+0438)
(inputenc)                not set up for use with LaTeX.

See the inputenc package documentation for explanation.
Type  H <return>  for immediate help.
 ...                                              
                                                  
l.2 ...–µ–Ω–∏—è –≤–æ–ª–Ω–æ–≤–æ–≥–æ —Ñ—Ä–æ–Ω—Ç–∞ –∏
                                                  –∑–ª—É—á–µ–Ω–∏—è}
You may provide a definition with
\DeclareUnicodeCharacter 


! Package inputenc Error: Unicode character –∑ (U+0437)
(inputenc)                not set up for use with LaTeX.

See the inputenc package documentation for explanation.
Type  H <return>  for immediate help.
 ...                                              
                                                  
l.2 ...–Ω–∏—è –≤–æ–ª–Ω–æ–≤–æ–≥–æ —Ñ—Ä–æ–Ω—Ç–∞ –∏–∑
                                                  –ª—É—á–µ–Ω–∏—è}
You may provide a definition with
\DeclareUnicodeCharacter 


! Package inputenc Error: Unicode character –ª (U+043B)
(inputenc)                not set up for use with LaTeX.

See the inputenc package documentation for explanation.
Type  H <return>  for immediate help.
 ...                                              
                                                  
l.2 ...–∏—è –≤–æ–ª–Ω–æ–≤–æ–≥–æ —Ñ—Ä–æ–Ω—Ç–∞ –∏–∑–ª
                                                  —É—á–µ–Ω–∏—è}
You may provide a definition with
\DeclareUnicodeCharacter 


! Package inputenc Error: Unicode character —É (U+0443)
(inputenc)                not set up for use with LaTeX.

See the inputenc package documentation for explanation.
Type  H <return>  for immediate help.
 ...                                              
                                                  
l.2 ...—è –≤–æ–ª–Ω–æ–≤–æ–≥–æ —Ñ—Ä–æ–Ω—Ç–∞ –∏–∑–ª—É
                                                  —á–µ–Ω–∏—è}
You may provide a definition with
\DeclareUnicodeCharacter 


! Package inputenc Error: Unicode character —á (U+0447)
(inputenc)                not set up for use with LaTeX.

See the inputenc package documentation for explanation.
Type  H <return>  for immediate help.
 ...                                              
                                                  
l.2 ... –≤–æ–ª–Ω–æ–≤–æ–≥–æ —Ñ—Ä–æ–Ω—Ç–∞ –∏–∑–ª—É—á
                                                  –µ–Ω–∏—è}
You may provide a definition with
\DeclareUnicodeCharacter 


! Package inputenc Error: Unicode character –µ (U+0435)
(inputenc)                not set up for use with LaTeX.

See the inputenc package documentation for explanation.
Type  H <return>  for immediate help.
 ...                                              
                                                  
l.2 ...≤–æ–ª–Ω–æ–≤–æ–≥–æ —Ñ—Ä–æ–Ω—Ç–∞ –∏–∑–ª—É—á–µ
                                                  –Ω–∏—è}
You may provide a definition with
\DeclareUnicodeCharacter 


! Package inputenc Error: Unicode character –Ω (U+043D)
(inputenc)                not set up for use with LaTeX.

See the inputenc package documentation for explanation.
Type  H <return>  for immediate help.
 ...                                              
                                                  
l.2 ...æ–ª–Ω–æ–≤–æ–≥–æ —Ñ—Ä–æ–Ω—Ç–∞ –∏–∑–ª—É—á–µ–Ω
                                                  –∏—è}
You may provide a definition with
\DeclareUnicodeCharacter 


! Package inputenc Error: Unicode character –∏ (U+0438)
(inputenc)                not set up for use with LaTeX.

See the inputenc package documentation for explanation.
Type  H <return>  for immediate help.
 ...                                              
                                                  
l.2 ...ª–Ω–æ–≤–æ–≥–æ —Ñ—Ä–æ–Ω—Ç–∞ –∏–∑–ª—É—á–µ–Ω–∏
                                                  —è}
You may provide a definition with
\DeclareUnicodeCharacter 


! Package inputenc Error: Unicode character —è (U+044F)
(inputenc)                not set up for use with LaTeX.

See the inputenc package documentation for explanation.
Type  H <return>  for immediate help.
 ...                                              
                                                  
l.2 ...Ω–æ–≤–æ–≥–æ —Ñ—Ä–æ–Ω—Ç–∞ –∏–∑–ª—É—á–µ–Ω–∏—è
                                                  }
You may provide a definition with
\DeclareUnicodeCharacter 


! Package inputenc Error: Unicode character –û (U+041E)
(inputenc)                not set up for use with LaTeX.

See the inputenc package documentation for explanation.
Type  H <return>  for immediate help.
 ...                                              
                                                  
l.4 –û
      –¥–Ω–æ–π –∏–∑ –≤–∞–∂–Ω–µ–π—à–∏—Ö –∑–∞–¥–∞—á –∫–≤–∞–Ω—Ç–æ–≤–æ–π —ç–ª–µ–...

You may provide a definition with
\DeclareUnicodeCharacter 


! Package inputenc Error: Unicode character –¥ (U+0434)
(inputenc)                not set up for use with LaTeX.

See the inputenc package documentation for explanation.
Type  H <return>  for immediate help.
 ...                                              
                                                  
l.4 –û–¥
        –Ω–æ–π –∏–∑ –≤–∞–∂–Ω–µ–π—à–∏—Ö –∑–∞–¥–∞—á –∫–≤–∞–Ω—Ç–æ–≤–æ–π —ç–ª–µ–...

You may provide a definition with
\DeclareUnicodeCharacter 


! Package inputenc Error: Unicode character –Ω (U+043D)
(inputenc)                not set up for use with LaTeX.

See the inputenc package documentation for explanation.
Type  H <return>  for immediate help.
 ...                                              
                                                  
l.4 –û–¥–Ω
          –æ–π –∏–∑ –≤–∞–∂–Ω–µ–π—à–∏—Ö –∑–∞–¥–∞—á –∫–≤–∞–Ω—Ç–æ–≤–æ–π —ç–ª–µ–...

You may provide a definition with
\DeclareUnicodeCharacter 


! Package inputenc Error: Unicode character –æ (U+043E)
(inputenc)                not set up for use with LaTeX.

See the inputenc package documentation for explanation.
Type  H <return>  for immediate help.
 ...                                              
                                                  
l.4 –û–¥–Ω–æ
            –π –∏–∑ –≤–∞–∂–Ω–µ–π—à–∏—Ö –∑–∞–¥–∞—á –∫–≤–∞–Ω—Ç–æ–≤–æ–π —ç–ª–µ–...

You may provide a definition with
\DeclareUnicodeCharacter 


! Package inputenc Error: Unicode character –π (U+0439)
(inputenc)                not set up for use with LaTeX.

See the inputenc package documentation for explanation.
Type  H <return>  for immediate help.
 ...                                              
                                                  
l.4 –û–¥–Ω–æ–π
               –∏–∑ –≤–∞–∂–Ω–µ–π—à–∏—Ö –∑–∞–¥–∞—á –∫–≤–∞–Ω—Ç–æ–≤–æ–π —ç–ª–µ–...

You may provide a definition with
\DeclareUnicodeCharacter 


! Package inputenc Error: Unicode character –∏ (U+0438)
(inputenc)                not set up for use with LaTeX.

See the inputenc package documentation for explanation.
Type  H <return>  for immediate help.
 ...                                              
                                                  
l.4 –û–¥–Ω–æ–π –∏
                 –∑ –≤–∞–∂–Ω–µ–π—à–∏—Ö –∑–∞–¥–∞—á –∫–≤–∞–Ω—Ç–æ–≤–æ–π —ç–ª–µ–...

You may provide a definition with
\DeclareUnicodeCharacter 


! Package inputenc Error: Unicode character –∑ (U+0437)
(inputenc)                not set up for use with LaTeX.

See the inputenc package documentation for explanation.
Type  H <return>  for immediate help.
 ...                                              
                                                  
l.4 –û–¥–Ω–æ–π –∏–∑
                    –≤–∞–∂–Ω–µ–π—à–∏—Ö –∑–∞–¥–∞—á –∫–≤–∞–Ω—Ç–æ–≤–æ–π —ç–ª–µ–...

You may provide a definition with
\DeclareUnicodeCharacter 


! Package inputenc Error: Unicode character –≤ (U+0432)
(inputenc)                not set up for use with LaTeX.

See the inputenc package documentation for explanation.
Type  H <return>  for immediate help.
 ...                                              
                                                  
l.4 –û–¥–Ω–æ–π –∏–∑ –≤
                      –∞–∂–Ω–µ–π—à–∏—Ö –∑–∞–¥–∞—á –∫–≤–∞–Ω—Ç–æ–≤–æ–π —ç–ª–µ–...

You may provide a definition with
\DeclareUnicodeCharacter 


! Package inputenc Error: Unicode character –∞ (U+0430)
(inputenc)                not set up for use with LaTeX.

See the inputenc package documentation for explanation.
Type  H <return>  for immediate help.
 ...                                              
                                                  
l.4 –û–¥–Ω–æ–π –∏–∑ –≤–∞
                        –∂–Ω–µ–π—à–∏—Ö –∑–∞–¥–∞—á –∫–≤–∞–Ω—Ç–æ–≤–æ–π —ç–ª–µ–...

You may provide a definition with
\DeclareUnicodeCharacter 


! Package inputenc Error: Unicode character –∂ (U+0436)
(inputenc)                not set up for use with LaTeX.

See the inputenc package documentation for explanation.
Type  H <return>  for immediate help.
 ...                                              
                                                  
l.4 –û–¥–Ω–æ–π –∏–∑ –≤–∞–∂
                          –Ω–µ–π—à–∏—Ö –∑–∞–¥–∞—á –∫–≤–∞–Ω—Ç–æ–≤–æ–π —ç–ª–µ–...

You may provide a definition with
\DeclareUnicodeCharacter 


! Package inputenc Error: Unicode character –Ω (U+043D)
(inputenc)                not set up for use with LaTeX.

See the inputenc package documentation for explanation.
Type  H <return>  for immediate help.
 ...                                              
                                                  
l.4 –û–¥–Ω–æ–π –∏–∑ –≤–∞–∂–Ω
                            –µ–π—à–∏—Ö –∑–∞–¥–∞—á –∫–≤–∞–Ω—Ç–æ–≤–æ–π —ç–ª–µ–...

You may provide a definition with
\DeclareUnicodeCharacter 


! Package inputenc Error: Unicode character –µ (U+0435)
(inputenc)                not set up for use with LaTeX.

See the inputenc package documentation for explanation.
Type  H <return>  for immediate help.
 ...                                              
                                                  
l.4 –û–¥–Ω–æ–π –∏–∑ –≤–∞–∂–Ω–µ
                              –π—à–∏—Ö –∑–∞–¥–∞—á –∫–≤–∞–Ω—Ç–æ–≤–æ–π —ç–ª–µ–...

You may provide a definition with
\DeclareUnicodeCharacter 


! Package inputenc Error: Unicode character –π (U+0439)
(inputenc)                not set up for use with LaTeX.

See the inputenc package documentation for explanation.
Type  H <return>  for immediate help.
 ...                                              
                                                  
l.4 –û–¥–Ω–æ–π –∏–∑ –≤–∞–∂–Ω–µ–π
                                —à–∏—Ö –∑–∞–¥–∞—á –∫–≤–∞–Ω—Ç–æ–≤–æ–π —ç–ª–µ–...

You may provide a definition with
\DeclareUnicodeCharacter 


! Package inputenc Error: Unicode character —à (U+0448)
(inputenc)                not set up for use with LaTeX.

See the inputenc package documentation for explanation.
Type  H <return>  for immediate help.
 ...                                              
                                                  
l.4 –û–¥–Ω–æ–π –∏–∑ –≤–∞–∂–Ω–µ–π—à
                                  –∏—Ö –∑–∞–¥–∞—á –∫–≤–∞–Ω—Ç–æ–≤–æ–π —ç–ª–µ–...

You may provide a definition with
\DeclareUnicodeCharacter 


! Package inputenc Error: Unicode character –∏ (U+0438)
(inputenc)                not set up for use with LaTeX.

See the inputenc package documentation for explanation.
Type  H <return>  for immediate help.
 ...                                              
                                                  
l.4 –û–¥–Ω–æ–π –∏–∑ –≤–∞–∂–Ω–µ–π—à–∏
                                    —Ö –∑–∞–¥–∞—á –∫–≤–∞–Ω—Ç–æ–≤–æ–π —ç–ª–µ–...

You may provide a definition with
\DeclareUnicodeCharacter 


! Package inputenc Error: Unicode character —Ö (U+0445)
(inputenc)                not set up for use with LaTeX.

See the inputenc package documentation for explanation.
Type  H <return>  for immediate help.
 ...                                              
                                                  
l.4 –û–¥–Ω–æ–π –∏–∑ –≤–∞–∂–Ω–µ–π—à–∏—Ö
                                       –∑–∞–¥–∞—á –∫–≤–∞–Ω—Ç–æ–≤–æ–π —ç–ª–µ–...

You may provide a definition with
\DeclareUnicodeCharacter 


! Package inputenc Error: Unicode character –∑ (U+0437)
(inputenc)                not set up for use with LaTeX.

See the inputenc package documentation for explanation.
Type  H <return>  for immediate help.
 ...                                              
                                                  
l.4 –û–¥–Ω–æ–π –∏–∑ –≤–∞–∂–Ω–µ–π—à–∏—Ö –∑
                                         –∞–¥–∞—á –∫–≤–∞–Ω—Ç–æ–≤–æ–π —ç–ª–µ–...

You may provide a definition with
\DeclareUnicodeCharacter 


! Package inputenc Error: Unicode character –∞ (U+0430)
(inputenc)                not set up for use with LaTeX.

See the inputenc package documentation for explanation.
Type  H <return>  for immediate help.
 ...                                              
                                                  
l.4 –û–¥–Ω–æ–π –∏–∑ –≤–∞–∂–Ω–µ–π—à–∏—Ö –∑–∞
                                           –¥–∞—á –∫–≤–∞–Ω—Ç–æ–≤–æ–π —ç–ª–µ–...

You may provide a definition with
\DeclareUnicodeCharacter 


! Package inputenc Error: Unicode character –¥ (U+0434)
(inputenc)                not set up for use with LaTeX.

See the inputenc package documentation for explanation.
Type  H <return>  for immediate help.
 ...                                              
                                                  
l.4 –û–¥–Ω–æ–π –∏–∑ –≤–∞–∂–Ω–µ–π—à–∏—Ö –∑–∞–¥
                                             –∞—á –∫–≤–∞–Ω—Ç–æ–≤–æ–π —ç–ª–µ–...

You may provide a definition with
\DeclareUnicodeCharacter 


! Package inputenc Error: Unicode character –∞ (U+0430)
(inputenc)                not set up for use with LaTeX.

See the inputenc package documentation for explanation.
Type  H <return>  for immediate help.
 ...                                              
                                                  
l.4 –û–¥–Ω–æ–π –∏–∑ –≤–∞–∂–Ω–µ–π—à–∏—Ö –∑–∞–¥–∞
                                               —á –∫–≤–∞–Ω—Ç–æ–≤–æ–π —ç–ª–µ–...

You may provide a definition with
\DeclareUnicodeCharacter 


! Package inputenc Error: Unicode character —á (U+0447)
(inputenc)                not set up for use with LaTeX.

See the inputenc package documentation for explanation.
Type  H <return>  for immediate help.
 ...                                              
                                                  
l.4 –û–¥–Ω–æ–π –∏–∑ –≤–∞–∂–Ω–µ–π—à–∏—Ö –∑–∞–¥–∞—á
                                                  –∫–≤–∞–Ω—Ç–æ–≤–æ–π —ç–ª–µ–...

You may provide a definition with
\DeclareUnicodeCharacter 


! Package inputenc Error: Unicode character –∫ (U+043A)
(inputenc)                not set up for use with LaTeX.

See the inputenc package documentation for explanation.
Type  H <return>  for immediate help.
 ...                                              
                                                  
l.4 ...Ω–æ–π –∏–∑ –≤–∞–∂–Ω–µ–π—à–∏—Ö –∑–∞–¥–∞—á –∫
                                                  –≤–∞–Ω—Ç–æ–≤–æ–π —ç–ª–µ–∫—...

You may provide a definition with
\DeclareUnicodeCharacter 


! Package inputenc Error: Unicode character –≤ (U+0432)
(inputenc)                not set up for use with LaTeX.

See the inputenc package documentation for explanation.
Type  H <return>  for immediate help.
 ...                                              
                                                  
l.4 ...æ–π –∏–∑ –≤–∞–∂–Ω–µ–π—à–∏—Ö –∑–∞–¥–∞—á –∫–≤
                                                  –∞–Ω—Ç–æ–≤–æ–π —ç–ª–µ–∫—Ç—...

You may provide a definition with
\DeclareUnicodeCharacter 


! Package inputenc Error: Unicode character –∞ (U+0430)
(inputenc)                not set up for use with LaTeX.

See the inputenc package documentation for explanation.
Type  H <return>  for immediate help.
 ...                                              
                                                  
l.4 ...π –∏–∑ –≤–∞–∂–Ω–µ–π—à–∏—Ö –∑–∞–¥–∞—á –∫–≤–∞
                                                  –Ω—Ç–æ–≤–æ–π —ç–ª–µ–∫—Ç—Ä–...

You may provide a definition with
\DeclareUnicodeCharacter 


! Package inputenc Error: Unicode character –Ω (U+043D)
(inputenc)                not set up for use with LaTeX.

See the inputenc package documentation for explanation.
Type  H <return>  for immediate help.
 ...                                              
                                                  
l.4 ...–∏–∑ –≤–∞–∂–Ω–µ–π—à–∏—Ö –∑–∞–¥–∞—á –∫–≤–∞–Ω
                                                  —Ç–æ–≤–æ–π —ç–ª–µ–∫—Ç—Ä–æ–...

You may provide a definition with
\DeclareUnicodeCharacter 


! Package inputenc Error: Unicode character —Ç (U+0442)
(inputenc)                not set up for use with LaTeX.

See the inputenc package documentation for explanation.
Type  H <return>  for immediate help.
 ...                                              
                                                  
l.4 ...–∑ –≤–∞–∂–Ω–µ–π—à–∏—Ö –∑–∞–¥–∞—á –∫–≤–∞–Ω—Ç
                                                  –æ–≤–æ–π —ç–ª–µ–∫—Ç—Ä–æ–Ω–...

You may provide a definition with
\DeclareUnicodeCharacter 


! Package inputenc Error: Unicode character –æ (U+043E)
(inputenc)                not set up for use with LaTeX.

See the inputenc package documentation for explanation.
Type  H <return>  for immediate help.
 ...                                              
                                                  
l.4 ... –≤–∞–∂–Ω–µ–π—à–∏—Ö –∑–∞–¥–∞—á –∫–≤–∞–Ω—Ç–æ
                                                  –≤–æ–π —ç–ª–µ–∫—Ç—Ä–æ–Ω–∏–...

You may provide a definition with
\DeclareUnicodeCharacter 


! Package inputenc Error: Unicode character –≤ (U+0432)
(inputenc)                not set up for use with LaTeX.

See the inputenc package documentation for explanation.
Type  H <return>  for immediate help.
 ...                                              
                                                  
l.4 ...≤–∞–∂–Ω–µ–π—à–∏—Ö –∑–∞–¥–∞—á –∫–≤–∞–Ω—Ç–æ–≤
                                                  –æ–π —ç–ª–µ–∫—Ç—Ä–æ–Ω–∏–∫–...

You may provide a definition with
\DeclareUnicodeCharacter 


! Package inputenc Error: Unicode character –æ (U+043E)
(inputenc)                not set up for use with LaTeX.

See the inputenc package documentation for explanation.
Type  H <return>  for immediate help.
 ...                                              
                                                  
l.4 ...∞–∂–Ω–µ–π—à–∏—Ö –∑–∞–¥–∞—á –∫–≤–∞–Ω—Ç–æ–≤–æ
                                                  –π —ç–ª–µ–∫—Ç—Ä–æ–Ω–∏–∫–∏ ...

You may provide a definition with
\DeclareUnicodeCharacter 


! Package inputenc Error: Unicode character –π (U+0439)
(inputenc)                not set up for use with LaTeX.

See the inputenc package documentation for explanation.
Type  H <return>  for immediate help.
 ...                                              
                                                  
l.4 ...∂–Ω–µ–π—à–∏—Ö –∑–∞–¥–∞—á –∫–≤–∞–Ω—Ç–æ–≤–æ–π
                                                   —ç–ª–µ–∫—Ç—Ä–æ–Ω–∏–∫–∏ —è...

You may provide a definition with
\DeclareUnicodeCharacter 


! Package inputenc Error: Unicode character —ç (U+044D)
(inputenc)                not set up for use with LaTeX.

See the inputenc package documentation for explanation.
Type  H <return>  for immediate help.
 ...                                              
                                                  
l.4 ...–µ–π—à–∏—Ö –∑–∞–¥–∞—á –∫–≤–∞–Ω—Ç–æ–≤–æ–π —ç
                                                  –ª–µ–∫—Ç—Ä–æ–Ω–∏–∫–∏ —è–≤–...

You may provide a definition with
\DeclareUnicodeCharacter 


! Package inputenc Error: Unicode character –ª (U+043B)
(inputenc)                not set up for use with LaTeX.

See the inputenc package documentation for explanation.
Type  H <return>  for immediate help.
 ...                                              
                                                  
l.4 ...–π—à–∏—Ö –∑–∞–¥–∞—á –∫–≤–∞–Ω—Ç–æ–≤–æ–π —ç–ª
                                                  –µ–∫—Ç—Ä–æ–Ω–∏–∫–∏ —è–≤–ª—...

You may provide a definition with
\DeclareUnicodeCharacter 


! Package inputenc Error: Unicode character –µ (U+0435)
(inputenc)                not set up for use with LaTeX.

See the inputenc package documentation for explanation.
Type  H <return>  for immediate help.
 ...                                              
                                                  
l.4 ...—à–∏—Ö –∑–∞–¥–∞—á –∫–≤–∞–Ω—Ç–æ–≤–æ–π —ç–ª–µ
                                                  –∫—Ç—Ä–æ–Ω–∏–∫–∏ —è–≤–ª—è–...

You may provide a definition with
\DeclareUnicodeCharacter 


! Package inputenc Error: Unicode character –∫ (U+043A)
(inputenc)                not set up for use with LaTeX.

See the inputenc package documentation for explanation.
Type  H <return>  for immediate help.
 ...                                              
                                                  
l.4 ...–∏—Ö –∑–∞–¥–∞—á –∫–≤–∞–Ω—Ç–æ–≤–æ–π —ç–ª–µ–∫
                                                  —Ç—Ä–æ–Ω–∏–∫–∏ —è–≤–ª—è–µ—...

You may provide a definition with
\DeclareUnicodeCharacter 


! Package inputenc Error: Unicode character —Ç (U+0442)
(inputenc)                not set up for use with LaTeX.

See the inputenc package documentation for explanation.
Type  H <return>  for immediate help.
 ...                                              
                                                  
l.4 ...—Ö –∑–∞–¥–∞—á –∫–≤–∞–Ω—Ç–æ–≤–æ–π —ç–ª–µ–∫—Ç
                                                  —Ä–æ–Ω–∏–∫–∏ —è–≤–ª—è–µ—Ç—...

You may provide a definition with
\DeclareUnicodeCharacter 


! Package inputenc Error: Unicode character —Ä (U+0440)
(inputenc)                not set up for use with LaTeX.

See the inputenc package documentation for explanation.
Type  H <return>  for immediate help.
 ...                                              
                                                  
l.4 ... –∑–∞–¥–∞—á –∫–≤–∞–Ω—Ç–æ–≤–æ–π —ç–ª–µ–∫—Ç—Ä
                                                  –æ–Ω–∏–∫–∏ —è–≤–ª—è–µ—Ç—Å—...

You may provide a definition with
\DeclareUnicodeCharacter 


! Package inputenc Error: Unicode character –æ (U+043E)
(inputenc)                not set up for use with LaTeX.

See the inputenc package documentation for explanation.
Type  H <return>  for immediate help.
 ...                                              
                                                  
l.4 ...∑–∞–¥–∞—á –∫–≤–∞–Ω—Ç–æ–≤–æ–π —ç–ª–µ–∫—Ç—Ä–æ
                                                  –Ω–∏–∫–∏ —è–≤–ª—è–µ—Ç—Å—è ...

You may provide a definition with
\DeclareUnicodeCharacter 


! Package inputenc Error: Unicode character –Ω (U+043D)
(inputenc)                not set up for use with LaTeX.

See the inputenc package documentation for explanation.
Type  H <return>  for immediate help.
 ...                                              
                                                  
l.4 ...∞–¥–∞—á –∫–≤–∞–Ω—Ç–æ–≤–æ–π —ç–ª–µ–∫—Ç—Ä–æ–Ω
                                                  –∏–∫–∏ —è–≤–ª—è–µ—Ç—Å—è —É...

You may provide a definition with
\DeclareUnicodeCharacter 


! Package inputenc Error: Unicode character –∏ (U+0438)
(inputenc)                not set up for use with LaTeX.

See the inputenc package documentation for explanation.
Type  H <return>  for immediate help.
 ...                                              
                                                  
l.4 ...¥–∞—á –∫–≤–∞–Ω—Ç–æ–≤–æ–π —ç–ª–µ–∫—Ç—Ä–æ–Ω–∏
                                                  –∫–∏ —è–≤–ª—è–µ—Ç—Å—è —É–º...

You may provide a definition with
\DeclareUnicodeCharacter 


! Package inputenc Error: Unicode character –∫ (U+043A)
(inputenc)                not set up for use with LaTeX.

See the inputenc package documentation for explanation.
Type  H <return>  for immediate help.
 ...                                              
                                                  
l.4 ...∞—á –∫–≤–∞–Ω—Ç–æ–≤–æ–π —ç–ª–µ–∫—Ç—Ä–æ–Ω–∏–∫
                                                  –∏ —è–≤–ª—è–µ—Ç—Å—è —É–º–µ...

You may provide a definition with
\DeclareUnicodeCharacter 


! Package inputenc Error: Unicode character –∏ (U+0438)
(inputenc)                not set up for use with LaTeX.

See the inputenc package documentation for explanation.
Type  H <return>  for immediate help.
 ...                                              
                                                  
l.4 ...á –∫–≤–∞–Ω—Ç–æ–≤–æ–π —ç–ª–µ–∫—Ç—Ä–æ–Ω–∏–∫–∏
                                                   —è–≤–ª—è–µ—Ç—Å—è —É–º–µ–Ω...

You may provide a definition with
\DeclareUnicodeCharacter 


! Package inputenc Error: Unicode character —è (U+044F)
(inputenc)                not set up for use with LaTeX.

See the inputenc package documentation for explanation.
Type  H <return>  for immediate help.
 ...                                              
                                                  
l.4 ...∫–≤–∞–Ω—Ç–æ–≤–æ–π —ç–ª–µ–∫—Ç—Ä–æ–Ω–∏–∫–∏ —è
                                                  –≤–ª—è–µ—Ç—Å—è —É–º–µ–Ω—å—...

You may provide a definition with
\DeclareUnicodeCharacter 


! Package inputenc Error: Unicode character –≤ (U+0432)
(inputenc)                not set up for use with LaTeX.

See the inputenc package documentation for explanation.
Type  H <return>  for immediate help.
 ...                                              
                                                  
l.4 ...≤–∞–Ω—Ç–æ–≤–æ–π —ç–ª–µ–∫—Ç—Ä–æ–Ω–∏–∫–∏ —è–≤
                                                  –ª—è–µ—Ç—Å—è —É–º–µ–Ω—å—à–...

You may provide a definition with
\DeclareUnicodeCharacter 


! Package inputenc Error: Unicode character –ª (U+043B)
(inputenc)                not set up for use with LaTeX.

See the inputenc package documentation for explanation.
Type  H <return>  for immediate help.
 ...                                              
                                                  
l.4 ...∞–Ω—Ç–æ–≤–æ–π —ç–ª–µ–∫—Ç—Ä–æ–Ω–∏–∫–∏ —è–≤–ª
                                                  —è–µ—Ç—Å—è —É–º–µ–Ω—å—à–µ–...

You may provide a definition with
\DeclareUnicodeCharacter 


! Package inputenc Error: Unicode character —è (U+044F)
(inputenc)                not set up for use with LaTeX.

See the inputenc package documentation for explanation.
Type  H <return>  for immediate help.
 ...                                              
                                                  
l.4 ...Ω—Ç–æ–≤–æ–π —ç–ª–µ–∫—Ç—Ä–æ–Ω–∏–∫–∏ —è–≤–ª—è
                                                  –µ—Ç—Å—è —É–º–µ–Ω—å—à–µ–Ω–...

You may provide a definition with
\DeclareUnicodeCharacter 


! Package inputenc Error: Unicode character –µ (U+0435)
(inputenc)                not set up for use with LaTeX.

See the inputenc package documentation for explanation.
Type  H <return>  for immediate help.
 ...                                              
                                                  
l.4 ...Ç–æ–≤–æ–π —ç–ª–µ–∫—Ç—Ä–æ–Ω–∏–∫–∏ —è–≤–ª—è–µ
                                                  —Ç—Å—è —É–º–µ–Ω—å—à–µ–Ω–∏–...

You may provide a definition with
\DeclareUnicodeCharacter 


! Package inputenc Error: Unicode character —Ç (U+0442)
(inputenc)                not set up for use with LaTeX.

See the inputenc package documentation for explanation.
Type  H <return>  for immediate help.
 ...                                              
                                                  
l.4 ...æ–≤–æ–π —ç–ª–µ–∫—Ç—Ä–æ–Ω–∏–∫–∏ —è–≤–ª—è–µ—Ç
                                                  —Å—è —É–º–µ–Ω—å—à–µ–Ω–∏–µ ...

You may provide a definition with
\DeclareUnicodeCharacter 


! Package inputenc Error: Unicode character —Å (U+0441)
(inputenc)                not set up for use with LaTeX.

See the inputenc package documentation for explanation.
Type  H <return>  for immediate help.
 ...                                              
                                                  
l.4 ...≤–æ–π —ç–ª–µ–∫—Ç—Ä–æ–Ω–∏–∫–∏ —è–≤–ª—è–µ—Ç—Å
                                                  —è —É–º–µ–Ω—å—à–µ–Ω–∏–µ —É...

You may provide a definition with
\DeclareUnicodeCharacter 


! Package inputenc Error: Unicode character —è (U+044F)
(inputenc)                not set up for use with LaTeX.

See the inputenc package documentation for explanation.
Type  H <return>  for immediate help.
 ...                                              
                                                  
l.4 ...æ–π —ç–ª–µ–∫—Ç—Ä–æ–Ω–∏–∫–∏ —è–≤–ª—è–µ—Ç—Å—è
                                                   —É–º–µ–Ω—å—à–µ–Ω–∏–µ —É–≥...

You may provide a definition with
\DeclareUnicodeCharacter 


! Package inputenc Error: Unicode character —É (U+0443)
(inputenc)                not set up for use with LaTeX.

See the inputenc package documentation for explanation.
Type  H <return>  for immediate help.
 ...                                              
                                                  
l.4 ... —ç–ª–µ–∫—Ç—Ä–æ–Ω–∏–∫–∏ —è–≤–ª—è–µ—Ç—Å—è —É
                                                  –º–µ–Ω—å—à–µ–Ω–∏–µ —É–≥–ª–...

You may provide a definition with
\DeclareUnicodeCharacter 


! Package inputenc Error: Unicode character –º (U+043C)
(inputenc)                not set up for use with LaTeX.

See the inputenc package documentation for explanation.
Type  H <return>  for immediate help.
 ...                                              
                                                  
l.4 ...ç–ª–µ–∫—Ç—Ä–æ–Ω–∏–∫–∏ —è–≤–ª—è–µ—Ç—Å—è —É–º
                                                  –µ–Ω—å—à–µ–Ω–∏–µ —É–≥–ª–æ–...

You may provide a definition with
\DeclareUnicodeCharacter 


! Package inputenc Error: Unicode character –µ (U+0435)
(inputenc)                not set up for use with LaTeX.

See the inputenc package documentation for explanation.
Type  H <return>  for immediate help.
 ...                                              
                                                  
l.4 ...ª–µ–∫—Ç—Ä–æ–Ω–∏–∫–∏ —è–≤–ª—è–µ—Ç—Å—è —É–º–µ
                                                  –Ω—å—à–µ–Ω–∏–µ —É–≥–ª–æ–≤–...

You may provide a definition with
\DeclareUnicodeCharacter 


! Package inputenc Error: Unicode character –Ω (U+043D)
(inputenc)                not set up for use with LaTeX.

See the inputenc package documentation for explanation.
Type  H <return>  for immediate help.
 ...                                              
                                                  
l.4 ...µ–∫—Ç—Ä–æ–Ω–∏–∫–∏ —è–≤–ª—è–µ—Ç—Å—è —É–º–µ–Ω
                                                  —å—à–µ–Ω–∏–µ —É–≥–ª–æ–≤–æ–...

You may provide a definition with
\DeclareUnicodeCharacter 


! Package inputenc Error: Unicode character —å (U+044C)
(inputenc)                not set up for use with LaTeX.

See the inputenc package documentation for explanation.
Type  H <return>  for immediate help.
 ...                                              
                                                  
l.4 ...∫—Ç—Ä–æ–Ω–∏–∫–∏ —è–≤–ª—è–µ—Ç—Å—è —É–º–µ–Ω—å
                                                  —à–µ–Ω–∏–µ —É–≥–ª–æ–≤–æ–π ...

You may provide a definition with
\DeclareUnicodeCharacter 


! Package inputenc Error: Unicode character —à (U+0448)
(inputenc)                not set up for use with LaTeX.

See the inputenc package documentation for explanation.
Type  H <return>  for immediate help.
 ...                                              
                                                  
l.4 ...Ç—Ä–æ–Ω–∏–∫–∏ —è–≤–ª—è–µ—Ç—Å—è —É–º–µ–Ω—å—à
                                                  –µ–Ω–∏–µ —É–≥–ª–æ–≤–æ–π —Ä...

You may provide a definition with
\DeclareUnicodeCharacter 


! Package inputenc Error: Unicode character –µ (U+0435)
(inputenc)                not set up for use with LaTeX.

See the inputenc package documentation for explanation.
Type  H <return>  for immediate help.
 ...                                              
                                                  
l.4 ...Ä–æ–Ω–∏–∫–∏ —è–≤–ª—è–µ—Ç—Å—è —É–º–µ–Ω—å—à–µ
                                                  –Ω–∏–µ —É–≥–ª–æ–≤–æ–π —Ä–∞...

You may provide a definition with
\DeclareUnicodeCharacter 


! Package inputenc Error: Unicode character –Ω (U+043D)
(inputenc)                not set up for use with LaTeX.

See the inputenc package documentation for explanation.
Type  H <return>  for immediate help.
 ...                                              
                                                  
l.4 ...æ–Ω–∏–∫–∏ —è–≤–ª—è–µ—Ç—Å—è —É–º–µ–Ω—å—à–µ–Ω
                                                  –∏–µ —É–≥–ª–æ–≤–æ–π —Ä–∞—Å...

You may provide a definition with
\DeclareUnicodeCharacter 


! Package inputenc Error: Unicode character –∏ (U+0438)
(inputenc)                not set up for use with LaTeX.

See the inputenc package documentation for explanation.
Type  H <return>  for immediate help.
 ...                                              
                                                  
l.4 ...Ω–∏–∫–∏ —è–≤–ª—è–µ—Ç—Å—è —É–º–µ–Ω—å—à–µ–Ω–∏
                                                  –µ —É–≥–ª–æ–≤–æ–π —Ä–∞—Å—Ö...

You may provide a definition with
\DeclareUnicodeCharacter 


! Package inputenc Error: Unicode character –µ (U+0435)
(inputenc)                not set up for use with LaTeX.

See the inputenc package documentation for explanation.
Type  H <return>  for immediate help.
 ...                                              
                                                  
l.4 ...∏–∫–∏ —è–≤–ª—è–µ—Ç—Å—è —É–º–µ–Ω—å—à–µ–Ω–∏–µ
                                                   —É–≥–ª–æ–≤–æ–π —Ä–∞—Å—Ö–æ...

You may provide a definition with
\DeclareUnicodeCharacter 


! Package inputenc Error: Unicode character —É (U+0443)
(inputenc)                not set up for use with LaTeX.

See the inputenc package documentation for explanation.
Type  H <return>  for immediate help.
 ...                                              
                                                  
l.4 ...–∏ —è–≤–ª—è–µ—Ç—Å—è —É–º–µ–Ω—å—à–µ–Ω–∏–µ —É
                                                  –≥–ª–æ–≤–æ–π —Ä–∞—Å—Ö–æ–¥–...

You may provide a definition with
\DeclareUnicodeCharacter 


! Package inputenc Error: Unicode character –≥ (U+0433)
(inputenc)                not set up for use with LaTeX.

See the inputenc package documentation for explanation.
Type  H <return>  for immediate help.
 ...                                              
                                                  
l.4 ... —è–≤–ª—è–µ—Ç—Å—è —É–º–µ–Ω—å—à–µ–Ω–∏–µ —É–≥
                                                  –ª–æ–≤–æ–π —Ä–∞—Å—Ö–æ–¥–∏–...
(That makes 100 errors; please try again.) 
Here is how much of TeX's memory you used:
 46 strings out of 480478
 726 string characters out of 5905959
 239147 words of memory out of 5000000
 16171 multiletter control sequences out of 15000+600000
 532338 words of font info for 24 fonts, out of 8000000 for 9000
 1141 hyphenation exceptions out of 8191
 12i,0n,15p,316b,35s stack positions out of 5000i,500n,10000p,200000b,80000s

!  ==> Fatal error occurred, no output PDF file produced!
